#
# A fatal error has been detected by the Java Runtime Environment:
#
#  Internal Error (sharedRuntime.cpp:530), pid=7794, tid=46851
#  guarantee(cb != NULL && cb->is_compiled()) failed: safepoint polling: pc must refer to an nmethod
#
# JRE version: OpenJDK Runtime Environment Corretto-11.0.16.8.1 (11.0.16+8) (build 11.0.16+8-LTS)
# Java VM: OpenJDK 64-Bit Server VM Corretto-11.0.16.8.1 (11.0.16+8-LTS, mixed mode, tiered, compressed oops, g1 gc, bsd-amd64)
# No core dump will be written. Core dumps have been disabled. To enable core dumping, try "ulimit -c unlimited" before starting Java again
#
# If you would like to submit a bug report, please visit:
#   https://github.com/corretto/corretto-11/issues/
#

---------------  S U M M A R Y ------------

Command Line: -XX:TieredStopAtLevel=1 -Xverify:none -Dspring.output.ansi.enabled=always -Dcom.sun.management.jmxremote -Dspring.jmx.enabled=true -Dspring.liveBeansView.mbeanDomain -Dspring.application.admin.enabled=true -javaagent:/Applications/IntelliJ IDEA.app/Contents/lib/idea_rt.jar=52598:/Applications/IntelliJ IDEA.app/Contents/bin -agentpath:/private/var/folders/lk/s3yg39g94j75lll_n4l_dn18fb4gsw/T/libasyncProfiler.so=start,jfr,event=cpu,interval=1ms,jfrsync=profile,file=/Users/sdangond/CalculadoraCaloriasApplication_2022_08_06_193934.jfr -Dfile.encoding=UTF-8 com.example.calculadoracalorias.CalculadoraCaloriasApplication

Host: MacBookPro18,1 x86_64 2400 MHz, 10 cores, 16G, Darwin 21.3.0
Time: Sat Aug  6 19:39:37 2022 -05 elapsed time: 2.645551 seconds (0d 0h 0m 2s)

---------------  T H R E A D  ---------------

Current thread (0x00007f97a1a3e800):  JavaThread "background-preinit" [_thread_in_vm, id=46851, stack(0x000000030b641000,0x000000030b741000)]

Stack: [0x000000030b641000,0x000000030b741000],  sp=0x000000030b73d1a0,  free space=1008k
Native frames: (J=compiled Java code, A=aot compiled Java code, j=interpreted, Vv=VM code, C=native code)
V  [libjvm.dylib+0x7cf7d9]  _ZN7VMError14report_and_dieEiPKcS1_P13__va_list_tagP6ThreadPhPvS7_S1_im+0x601
V  [libjvm.dylib+0x7cff7a]  _ZN7VMError14report_and_dieEP6ThreadPvPKciS4_S4_P13__va_list_tag+0x3c
V  [libjvm.dylib+0x284023]  _Z15report_vm_errorPKciS0_S0_z+0xa9
V  [libjvm.dylib+0x6a86cf]  _ZN13SharedRuntime13get_poll_stubEPh+0x45
V  [libjvm.dylib+0x636173]  JVM_handle_bsd_signal+0x407
V  [libjvm.dylib+0x633c09]  _ZL13signalHandleriP9__siginfoPv+0x2d
C  [libasyncProfiler.so+0x1de40]  _ZN8Profiler11segvHandlerEiP9__siginfoPv+0x70
C  [libsystem_platform.dylib+0x3e2d]  _sigtramp+0x1d
C  0xc05f2359795a4b63
V  [libjvm.dylib+0x3c6e9b]  _ZN9JavaCalls11call_helperEP9JavaValueRK12methodHandleP17JavaCallArgumentsP6Thread+0x257
V  [libjvm.dylib+0x3c62e5]  _ZN9JavaCalls12call_virtualEP9JavaValueP5KlassP6SymbolS5_P17JavaCallArgumentsP6Thread+0xd7
V  [libjvm.dylib+0x3c6429]  _ZN9JavaCalls12call_virtualEP9JavaValue6HandleP5KlassP6SymbolS6_S2_P6Thread+0x6f
V  [libjvm.dylib+0x75e085]  _ZN16SystemDictionary19load_instance_classEP6Symbol6HandleP6Thread+0x10f
V  [libjvm.dylib+0x75d3f6]  _ZN16SystemDictionary30resolve_instance_class_or_nullEP6Symbol6HandleS2_P6Thread+0x52c
V  [libjvm.dylib+0x75cb0b]  _ZN16SystemDictionary15resolve_or_failEP6Symbol6HandleS2_bP6Thread+0x1b
V  [libjvm.dylib+0x27b5ee]  _ZN12ConstantPool13klass_at_implERK18constantPoolHandleibP6Thread+0x10a
V  [libjvm.dylib+0x3aa88d]  _ZN12ConstantPool8klass_atEiP6Thread+0x4d
V  [libjvm.dylib+0x3bf5c3]  _ZN18InterpreterRuntime4_newEP10JavaThreadP12ConstantPooli+0x29
j  org.springframework.core.log.CompositeLog.<clinit>()V+0
v  ~StubRoutines::call_stub
V  [libjvm.dylib+0x3c6e9b]  _ZN9JavaCalls11call_helperEP9JavaValueRK12methodHandleP17JavaCallArgumentsP6Thread+0x257
V  [libjvm.dylib+0x3acb70]  _ZN13InstanceKlass22call_class_initializerEP6Thread+0x1a6
V  [libjvm.dylib+0x3ac4e4]  _ZN13InstanceKlass15initialize_implEP6Thread+0x486
V  [libjvm.dylib+0x3bf5f7]  _ZN18InterpreterRuntime4_newEP10JavaThreadP12ConstantPooli+0x5d
j  org.springframework.core.log.LogDelegateFactory.getCompositeLog(Lorg/apache/commons/logging/Log;Lorg/apache/commons/logging/Log;[Lorg/apache/commons/logging/Log;)Lorg/apache/commons/logging/Log;+34
j  org.springframework.http.HttpLogging.forLog(Lorg/apache/commons/logging/Log;)Lorg/apache/commons/logging/Log;+8
j  org.springframework.http.HttpLogging.forLogName(Ljava/lang/Class;)Lorg/apache/commons/logging/Log;+6
j  org.springframework.http.converter.AbstractHttpMessageConverter.<init>([Lorg/springframework/http/MediaType;)V+9
j  org.springframework.http.converter.ByteArrayHttpMessageConverter.<init>()V+17
j  org.springframework.http.converter.FormHttpMessageConverter.<init>()V+80
j  org.springframework.http.converter.support.AllEncompassingFormHttpMessageConverter.<init>()V+1
j  org.springframework.boot.autoconfigure.BackgroundPreinitializer$MessageConverterInitializer.run()V+4
j  org.springframework.boot.autoconfigure.BackgroundPreinitializer$1.runSafely(Ljava/lang/Runnable;)V+1
j  org.springframework.boot.autoconfigure.BackgroundPreinitializer$1.run()V+33
j  java.lang.Thread.run()V+11 java.base@11.0.16
v  ~StubRoutines::call_stub
V  [libjvm.dylib+0x3c6e9b]  _ZN9JavaCalls11call_helperEP9JavaValueRK12methodHandleP17JavaCallArgumentsP6Thread+0x257
V  [libjvm.dylib+0x3c62e5]  _ZN9JavaCalls12call_virtualEP9JavaValueP5KlassP6SymbolS5_P17JavaCallArgumentsP6Thread+0xd7
V  [libjvm.dylib+0x3c639c]  _ZN9JavaCalls12call_virtualEP9JavaValue6HandleP5KlassP6SymbolS6_P6Thread+0x62
V  [libjvm.dylib+0x4471e8]  _ZL12thread_entryP10JavaThreadP6Thread+0x78
V  [libjvm.dylib+0x7898c5]  _ZN10JavaThread17thread_main_innerEv+0x89
V  [libjvm.dylib+0x78970e]  _ZN10JavaThread3runEv+0x12e
V  [libjvm.dylib+0x7876ae]  _ZN6Thread8call_runEv+0x68
V  [libjvm.dylib+0x631ad9]  _ZL19thread_native_entryP6Thread+0x119
C  [libsystem_pthread.dylib+0x64f4]  _pthread_start+0x7d
C  [libsystem_pthread.dylib+0x200f]  thread_start+0xf


---------------  P R O C E S S  ---------------

Threads class SMR info:
_java_thread_list=0x0000600002afdf00, length=23, elements={
0x00007f97a1845000, 0x00007f97a08af000, 0x00007f97a0842000, 0x00007f97a1085800,
0x00007f97a1009800, 0x00007f97a1088800, 0x00007f97a1089000, 0x00007f9770968800,
0x00007f97510be000, 0x00007f97510c1000, 0x00007f97a111f800, 0x00007f97a1939800,
0x00007f97a111e800, 0x00007f97a0933800, 0x00007f97a2a1d800, 0x00007f9770c5e000,
0x00007f97909e2000, 0x00007f97a2a5d800, 0x00007f97a2a55000, 0x00007f97a11a8800,
0x00007f97a2a42000, 0x00007f97a1a3e800, 0x00007f97a1a57800
}

Java Threads: ( => current thread )
  0x00007f97a1845000 JavaThread "main" [_thread_blocked, id=7427, stack(0x000000030924a000,0x000000030934a000)]
  0x00007f97a08af000 JavaThread "Reference Handler" daemon [_thread_blocked, id=16643, stack(0x000000030995f000,0x0000000309a5f000)]
  0x00007f97a0842000 JavaThread "Finalizer" daemon [_thread_blocked, id=17411, stack(0x0000000309a62000,0x0000000309b62000)]
  0x00007f97a1085800 JavaThread "Signal Dispatcher" daemon [_thread_blocked, id=23555, stack(0x0000000309c73000,0x0000000309d73000)]
  0x00007f97a1009800 JavaThread "Service Thread" daemon [_thread_blocked, id=24067, stack(0x0000000309d76000,0x0000000309e76000)]
  0x00007f97a1088800 JavaThread "C1 CompilerThread0" daemon [_thread_blocked, id=40963, stack(0x0000000309e79000,0x0000000309f79000)]
  0x00007f97a1089000 JavaThread "Sweeper thread" daemon [_thread_blocked, id=40451, stack(0x0000000309f7c000,0x000000030a07c000)]
  0x00007f9770968800 JavaThread "Common-Cleaner" daemon [_thread_blocked, id=25603, stack(0x000000030a07f000,0x000000030a17f000)]
  0x00007f97510be000 JavaThread "Monitor Ctrl-Break" daemon [_thread_in_native, id=26883, stack(0x000000030a182000,0x000000030a282000)]
  0x00007f97510c1000 JavaThread "JFR Recorder Thread" daemon [_thread_blocked, id=40195, stack(0x000000030a285000,0x000000030a385000)]
  0x00007f97a111f800 JavaThread "JFR Periodic Tasks" daemon [_thread_blocked, id=39683, stack(0x000000030a388000,0x000000030a488000)]
  0x00007f97a1939800 JavaThread "JFR Recording Scheduler" daemon [_thread_blocked, id=38915, stack(0x000000030a58e000,0x000000030a68e000)]
  0x00007f97a111e800 JavaThread "Async-profiler Timer" daemon [_thread_in_native, id=29703, stack(0x000000030a691000,0x000000030a711000)]
  0x00007f97a0933800 JavaThread "RMI TCP Accept-0" daemon [_thread_in_native, id=35075, stack(0x000000030ac23000,0x000000030ad23000)]
  0x00007f97a2a1d800 JavaThread "Attach Listener" daemon [_thread_blocked, id=34307, stack(0x000000030ae29000,0x000000030af29000)]
  0x00007f9770c5e000 JavaThread "RMI TCP Connection(1)-192.168.0.4" daemon [_thread_in_native, id=87043, stack(0x000000030af2c000,0x000000030b02c000)]
  0x00007f97909e2000 JavaThread "RMI TCP Connection(2)-192.168.0.4" daemon [_thread_blocked, id=86531, stack(0x000000030b02f000,0x000000030b12f000)]
  0x00007f97a2a5d800 JavaThread "JMX server connection timeout 24" daemon [_thread_blocked, id=85763, stack(0x000000030b132000,0x000000030b232000)]
  0x00007f97a2a55000 JavaThread "RMI Scheduler(0)" daemon [_thread_blocked, id=84995, stack(0x000000030b235000,0x000000030b335000)]
  0x00007f97a11a8800 JavaThread "Thread-1" [_thread_blocked, id=84487, stack(0x000000030b338000,0x000000030b438000)]
  0x00007f97a2a42000 JavaThread "restartedMain" [_thread_blocked, id=83971, stack(0x000000030b43b000,0x000000030b53b000)]
=>0x00007f97a1a3e800 JavaThread "background-preinit" [_thread_in_vm, id=46851, stack(0x000000030b641000,0x000000030b741000)]
  0x00007f97a1a57800 JavaThread "JMX server connection timeout 31" daemon [_thread_blocked, id=82179, stack(0x000000030b744000,0x000000030b844000)]

Other Threads:
  0x00007f9770934000 VMThread "VM Thread" [stack: 0x000000030985c000,0x000000030995c000] [id=16131]
  0x00007f97a29fc000 WatcherThread [stack: 0x000000030ad26000,0x000000030ae26000] [id=32823]
  0x00007f97a107c800 GCTaskThread "GC Thread#0" [stack: 0x000000030934d000,0x000000030944d000] [id=13571]
  0x00007f97a29ff800 GCTaskThread "GC Thread#1" [stack: 0x000000030a714000,0x000000030a814000] [id=30991]
  0x00007f97a2a0a800 GCTaskThread "GC Thread#2" [stack: 0x000000030a817000,0x000000030a917000] [id=37635]
  0x00007f9770a3a800 GCTaskThread "GC Thread#3" [stack: 0x000000030a91a000,0x000000030aa1a000] [id=37379]
  0x00007f9770c44000 GCTaskThread "GC Thread#4" [stack: 0x000000030aa1d000,0x000000030ab1d000] [id=31747]
  0x00007f97909fe000 GCTaskThread "GC Thread#5" [stack: 0x000000030ab20000,0x000000030ac20000] [id=32003]
  0x00007f97a087b000 ConcurrentGCThread "G1 Main Marker" [stack: 0x0000000309450000,0x0000000309550000] [id=14083]
  0x00007f97a107d800 ConcurrentGCThread "G1 Conc#0" [stack: 0x0000000309553000,0x0000000309653000] [id=14595]
  0x00007f97a2a77000 ConcurrentGCThread "G1 Conc#1" [stack: 0x000000030b53e000,0x000000030b63e000] [id=83371]
  0x00007f975107b800 ConcurrentGCThread "G1 Refine#0" [stack: 0x0000000309656000,0x0000000309756000] [id=14851]
  0x00007f97a087b800 ConcurrentGCThread "G1 Young RemSet Sampling" [stack: 0x0000000309759000,0x0000000309859000] [id=15107]

Threads with active compile tasks:

VM state:synchronizing (normal execution)

VM Mutex/Monitor currently owned by a thread:  ([mutex/lock_event])
[0x00006000001daf80] Threads_lock - owner thread: 0x00007f9770934000

Heap address: 0x0000000700000000, size: 4096 MB, Compressed Oops mode: Zero based, Oop shift amount: 3
Narrow klass base: 0x0000000800000000, Narrow klass shift: 0
Compressed class space size: 1073741824 Address: 0x0000000800000000

Heap:
 garbage-first heap   total 262144K, used 17914K [0x0000000700000000, 0x0000000800000000)
  region size 1024K, 18 young (18432K), 7 survivors (7168K)
 Metaspace       used 21725K, capacity 22555K, committed 22656K, reserved 1069056K
  class space    used 2528K, capacity 2847K, committed 2944K, reserved 1048576K
Heap Regions: E=young(eden), S=young(survivor), O=old, HS=humongous(starts), HC=humongous(continues), CS=collection set, F=free, A=archive, TAMS=top-at-mark-start (previous, next)
|   0|0x0000000700000000, 0x0000000700100000, 0x0000000700100000|100%| O|  |TAMS 0x0000000700100000, 0x0000000700000000| Untracked 
|   1|0x0000000700100000, 0x000000070015c000, 0x0000000700200000| 35%| O|  |TAMS 0x000000070015c000, 0x0000000700100000| Untracked 
|   2|0x0000000700200000, 0x0000000700200000, 0x0000000700300000|  0%| F|  |TAMS 0x0000000700200000, 0x0000000700200000| Untracked 
|   3|0x0000000700300000, 0x0000000700300000, 0x0000000700400000|  0%| F|  |TAMS 0x0000000700300000, 0x0000000700300000| Untracked 
|   4|0x0000000700400000, 0x0000000700400000, 0x0000000700500000|  0%| F|  |TAMS 0x0000000700400000, 0x0000000700400000| Untracked 
|   5|0x0000000700500000, 0x0000000700500000, 0x0000000700600000|  0%| F|  |TAMS 0x0000000700500000, 0x0000000700500000| Untracked 
|   6|0x0000000700600000, 0x0000000700600000, 0x0000000700700000|  0%| F|  |TAMS 0x0000000700600000, 0x0000000700600000| Untracked 
|   7|0x0000000700700000, 0x0000000700700000, 0x0000000700800000|  0%| F|  |TAMS 0x0000000700700000, 0x0000000700700000| Untracked 
|   8|0x0000000700800000, 0x0000000700800000, 0x0000000700900000|  0%| F|  |TAMS 0x0000000700800000, 0x0000000700800000| Untracked 
|   9|0x0000000700900000, 0x0000000700900000, 0x0000000700a00000|  0%| F|  |TAMS 0x0000000700900000, 0x0000000700900000| Untracked 
|  10|0x0000000700a00000, 0x0000000700a00000, 0x0000000700b00000|  0%| F|  |TAMS 0x0000000700a00000, 0x0000000700a00000| Untracked 
|  11|0x0000000700b00000, 0x0000000700b00000, 0x0000000700c00000|  0%| F|  |TAMS 0x0000000700b00000, 0x0000000700b00000| Untracked 
|  12|0x0000000700c00000, 0x0000000700c00000, 0x0000000700d00000|  0%| F|  |TAMS 0x0000000700c00000, 0x0000000700c00000| Untracked 
|  13|0x0000000700d00000, 0x0000000700d00000, 0x0000000700e00000|  0%| F|  |TAMS 0x0000000700d00000, 0x0000000700d00000| Untracked 
|  14|0x0000000700e00000, 0x0000000700e00000, 0x0000000700f00000|  0%| F|  |TAMS 0x0000000700e00000, 0x0000000700e00000| Untracked 
|  15|0x0000000700f00000, 0x0000000700f00000, 0x0000000701000000|  0%| F|  |TAMS 0x0000000700f00000, 0x0000000700f00000| Untracked 
|  16|0x0000000701000000, 0x0000000701000000, 0x0000000701100000|  0%| F|  |TAMS 0x0000000701000000, 0x0000000701000000| Untracked 
|  17|0x0000000701100000, 0x0000000701100000, 0x0000000701200000|  0%| F|  |TAMS 0x0000000701100000, 0x0000000701100000| Untracked 
|  18|0x0000000701200000, 0x0000000701200000, 0x0000000701300000|  0%| F|  |TAMS 0x0000000701200000, 0x0000000701200000| Untracked 
|  19|0x0000000701300000, 0x0000000701300000, 0x0000000701400000|  0%| F|  |TAMS 0x0000000701300000, 0x0000000701300000| Untracked 
|  20|0x0000000701400000, 0x0000000701400000, 0x0000000701500000|  0%| F|  |TAMS 0x0000000701400000, 0x0000000701400000| Untracked 
|  21|0x0000000701500000, 0x0000000701500000, 0x0000000701600000|  0%| F|  |TAMS 0x0000000701500000, 0x0000000701500000| Untracked 
|  22|0x0000000701600000, 0x0000000701600000, 0x0000000701700000|  0%| F|  |TAMS 0x0000000701600000, 0x0000000701600000| Untracked 
|  23|0x0000000701700000, 0x0000000701700000, 0x0000000701800000|  0%| F|  |TAMS 0x0000000701700000, 0x0000000701700000| Untracked 
|  24|0x0000000701800000, 0x0000000701800000, 0x0000000701900000|  0%| F|  |TAMS 0x0000000701800000, 0x0000000701800000| Untracked 
|  25|0x0000000701900000, 0x0000000701900000, 0x0000000701a00000|  0%| F|  |TAMS 0x0000000701900000, 0x0000000701900000| Untracked 
|  26|0x0000000701a00000, 0x0000000701a00000, 0x0000000701b00000|  0%| F|  |TAMS 0x0000000701a00000, 0x0000000701a00000| Untracked 
|  27|0x0000000701b00000, 0x0000000701b00000, 0x0000000701c00000|  0%| F|  |TAMS 0x0000000701b00000, 0x0000000701b00000| Untracked 
|  28|0x0000000701c00000, 0x0000000701c00000, 0x0000000701d00000|  0%| F|  |TAMS 0x0000000701c00000, 0x0000000701c00000| Untracked 
|  29|0x0000000701d00000, 0x0000000701d00000, 0x0000000701e00000|  0%| F|  |TAMS 0x0000000701d00000, 0x0000000701d00000| Untracked 
|  30|0x0000000701e00000, 0x0000000701e00000, 0x0000000701f00000|  0%| F|  |TAMS 0x0000000701e00000, 0x0000000701e00000| Untracked 
|  31|0x0000000701f00000, 0x0000000701f00000, 0x0000000702000000|  0%| F|  |TAMS 0x0000000701f00000, 0x0000000701f00000| Untracked 
|  32|0x0000000702000000, 0x0000000702000000, 0x0000000702100000|  0%| F|  |TAMS 0x0000000702000000, 0x0000000702000000| Untracked 
|  33|0x0000000702100000, 0x0000000702100000, 0x0000000702200000|  0%| F|  |TAMS 0x0000000702100000, 0x0000000702100000| Untracked 
|  34|0x0000000702200000, 0x0000000702200000, 0x0000000702300000|  0%| F|  |TAMS 0x0000000702200000, 0x0000000702200000| Untracked 
|  35|0x0000000702300000, 0x0000000702300000, 0x0000000702400000|  0%| F|  |TAMS 0x0000000702300000, 0x0000000702300000| Untracked 
|  36|0x0000000702400000, 0x0000000702400000, 0x0000000702500000|  0%| F|  |TAMS 0x0000000702400000, 0x0000000702400000| Untracked 
|  37|0x0000000702500000, 0x0000000702500000, 0x0000000702600000|  0%| F|  |TAMS 0x0000000702500000, 0x0000000702500000| Untracked 
|  38|0x0000000702600000, 0x0000000702600000, 0x0000000702700000|  0%| F|  |TAMS 0x0000000702600000, 0x0000000702600000| Untracked 
|  39|0x0000000702700000, 0x0000000702700000, 0x0000000702800000|  0%| F|  |TAMS 0x0000000702700000, 0x0000000702700000| Untracked 
|  40|0x0000000702800000, 0x0000000702800000, 0x0000000702900000|  0%| F|  |TAMS 0x0000000702800000, 0x0000000702800000| Untracked 
|  41|0x0000000702900000, 0x0000000702900000, 0x0000000702a00000|  0%| F|  |TAMS 0x0000000702900000, 0x0000000702900000| Untracked 
|  42|0x0000000702a00000, 0x0000000702a00000, 0x0000000702b00000|  0%| F|  |TAMS 0x0000000702a00000, 0x0000000702a00000| Untracked 
|  43|0x0000000702b00000, 0x0000000702b00000, 0x0000000702c00000|  0%| F|  |TAMS 0x0000000702b00000, 0x0000000702b00000| Untracked 
|  44|0x0000000702c00000, 0x0000000702c00000, 0x0000000702d00000|  0%| F|  |TAMS 0x0000000702c00000, 0x0000000702c00000| Untracked 
|  45|0x0000000702d00000, 0x0000000702d00000, 0x0000000702e00000|  0%| F|  |TAMS 0x0000000702d00000, 0x0000000702d00000| Untracked 
|  46|0x0000000702e00000, 0x0000000702e00000, 0x0000000702f00000|  0%| F|  |TAMS 0x0000000702e00000, 0x0000000702e00000| Untracked 
|  47|0x0000000702f00000, 0x0000000702f00000, 0x0000000703000000|  0%| F|  |TAMS 0x0000000702f00000, 0x0000000702f00000| Untracked 
|  48|0x0000000703000000, 0x0000000703000000, 0x0000000703100000|  0%| F|  |TAMS 0x0000000703000000, 0x0000000703000000| Untracked 
|  49|0x0000000703100000, 0x0000000703100000, 0x0000000703200000|  0%| F|  |TAMS 0x0000000703100000, 0x0000000703100000| Untracked 
|  50|0x0000000703200000, 0x0000000703200000, 0x0000000703300000|  0%| F|  |TAMS 0x0000000703200000, 0x0000000703200000| Untracked 
|  51|0x0000000703300000, 0x0000000703300000, 0x0000000703400000|  0%| F|  |TAMS 0x0000000703300000, 0x0000000703300000| Untracked 
|  52|0x0000000703400000, 0x0000000703400000, 0x0000000703500000|  0%| F|  |TAMS 0x0000000703400000, 0x0000000703400000| Untracked 
|  53|0x0000000703500000, 0x0000000703500000, 0x0000000703600000|  0%| F|  |TAMS 0x0000000703500000, 0x0000000703500000| Untracked 
|  54|0x0000000703600000, 0x0000000703600000, 0x0000000703700000|  0%| F|  |TAMS 0x0000000703600000, 0x0000000703600000| Untracked 
|  55|0x0000000703700000, 0x0000000703700000, 0x0000000703800000|  0%| F|  |TAMS 0x0000000703700000, 0x0000000703700000| Untracked 
|  56|0x0000000703800000, 0x0000000703800000, 0x0000000703900000|  0%| F|  |TAMS 0x0000000703800000, 0x0000000703800000| Untracked 
|  57|0x0000000703900000, 0x0000000703900000, 0x0000000703a00000|  0%| F|  |TAMS 0x0000000703900000, 0x0000000703900000| Untracked 
|  58|0x0000000703a00000, 0x0000000703a00000, 0x0000000703b00000|  0%| F|  |TAMS 0x0000000703a00000, 0x0000000703a00000| Untracked 
|  59|0x0000000703b00000, 0x0000000703b00000, 0x0000000703c00000|  0%| F|  |TAMS 0x0000000703b00000, 0x0000000703b00000| Untracked 
|  60|0x0000000703c00000, 0x0000000703c00000, 0x0000000703d00000|  0%| F|  |TAMS 0x0000000703c00000, 0x0000000703c00000| Untracked 
|  61|0x0000000703d00000, 0x0000000703d00000, 0x0000000703e00000|  0%| F|  |TAMS 0x0000000703d00000, 0x0000000703d00000| Untracked 
|  62|0x0000000703e00000, 0x0000000703e00000, 0x0000000703f00000|  0%| F|  |TAMS 0x0000000703e00000, 0x0000000703e00000| Untracked 
|  63|0x0000000703f00000, 0x0000000703f00000, 0x0000000704000000|  0%| F|  |TAMS 0x0000000703f00000, 0x0000000703f00000| Untracked 
|  64|0x0000000704000000, 0x0000000704000000, 0x0000000704100000|  0%| F|  |TAMS 0x0000000704000000, 0x0000000704000000| Untracked 
|  65|0x0000000704100000, 0x0000000704100000, 0x0000000704200000|  0%| F|  |TAMS 0x0000000704100000, 0x0000000704100000| Untracked 
|  66|0x0000000704200000, 0x0000000704200000, 0x0000000704300000|  0%| F|  |TAMS 0x0000000704200000, 0x0000000704200000| Untracked 
|  67|0x0000000704300000, 0x0000000704300000, 0x0000000704400000|  0%| F|  |TAMS 0x0000000704300000, 0x0000000704300000| Untracked 
|  68|0x0000000704400000, 0x0000000704400000, 0x0000000704500000|  0%| F|  |TAMS 0x0000000704400000, 0x0000000704400000| Untracked 
|  69|0x0000000704500000, 0x0000000704500000, 0x0000000704600000|  0%| F|  |TAMS 0x0000000704500000, 0x0000000704500000| Untracked 
|  70|0x0000000704600000, 0x0000000704600000, 0x0000000704700000|  0%| F|  |TAMS 0x0000000704600000, 0x0000000704600000| Untracked 
|  71|0x0000000704700000, 0x0000000704700000, 0x0000000704800000|  0%| F|  |TAMS 0x0000000704700000, 0x0000000704700000| Untracked 
|  72|0x0000000704800000, 0x0000000704800000, 0x0000000704900000|  0%| F|  |TAMS 0x0000000704800000, 0x0000000704800000| Untracked 
|  73|0x0000000704900000, 0x0000000704900000, 0x0000000704a00000|  0%| F|  |TAMS 0x0000000704900000, 0x0000000704900000| Untracked 
|  74|0x0000000704a00000, 0x0000000704a00000, 0x0000000704b00000|  0%| F|  |TAMS 0x0000000704a00000, 0x0000000704a00000| Untracked 
|  75|0x0000000704b00000, 0x0000000704b00000, 0x0000000704c00000|  0%| F|  |TAMS 0x0000000704b00000, 0x0000000704b00000| Untracked 
|  76|0x0000000704c00000, 0x0000000704c00000, 0x0000000704d00000|  0%| F|  |TAMS 0x0000000704c00000, 0x0000000704c00000| Untracked 
|  77|0x0000000704d00000, 0x0000000704d00000, 0x0000000704e00000|  0%| F|  |TAMS 0x0000000704d00000, 0x0000000704d00000| Untracked 
|  78|0x0000000704e00000, 0x0000000704e00000, 0x0000000704f00000|  0%| F|  |TAMS 0x0000000704e00000, 0x0000000704e00000| Untracked 
|  79|0x0000000704f00000, 0x0000000704f00000, 0x0000000705000000|  0%| F|  |TAMS 0x0000000704f00000, 0x0000000704f00000| Untracked 
|  80|0x0000000705000000, 0x0000000705000000, 0x0000000705100000|  0%| F|  |TAMS 0x0000000705000000, 0x0000000705000000| Untracked 
|  81|0x0000000705100000, 0x0000000705100000, 0x0000000705200000|  0%| F|  |TAMS 0x0000000705100000, 0x0000000705100000| Untracked 
|  82|0x0000000705200000, 0x0000000705200000, 0x0000000705300000|  0%| F|  |TAMS 0x0000000705200000, 0x0000000705200000| Untracked 
|  83|0x0000000705300000, 0x0000000705300000, 0x0000000705400000|  0%| F|  |TAMS 0x0000000705300000, 0x0000000705300000| Untracked 
|  84|0x0000000705400000, 0x0000000705400000, 0x0000000705500000|  0%| F|  |TAMS 0x0000000705400000, 0x0000000705400000| Untracked 
|  85|0x0000000705500000, 0x0000000705500000, 0x0000000705600000|  0%| F|  |TAMS 0x0000000705500000, 0x0000000705500000| Untracked 
|  86|0x0000000705600000, 0x0000000705600000, 0x0000000705700000|  0%| F|  |TAMS 0x0000000705600000, 0x0000000705600000| Untracked 
|  87|0x0000000705700000, 0x0000000705700000, 0x0000000705800000|  0%| F|  |TAMS 0x0000000705700000, 0x0000000705700000| Untracked 
|  88|0x0000000705800000, 0x0000000705800000, 0x0000000705900000|  0%| F|  |TAMS 0x0000000705800000, 0x0000000705800000| Untracked 
|  89|0x0000000705900000, 0x0000000705900000, 0x0000000705a00000|  0%| F|  |TAMS 0x0000000705900000, 0x0000000705900000| Untracked 
|  90|0x0000000705a00000, 0x0000000705a00000, 0x0000000705b00000|  0%| F|  |TAMS 0x0000000705a00000, 0x0000000705a00000| Untracked 
|  91|0x0000000705b00000, 0x0000000705b00000, 0x0000000705c00000|  0%| F|  |TAMS 0x0000000705b00000, 0x0000000705b00000| Untracked 
|  92|0x0000000705c00000, 0x0000000705c00000, 0x0000000705d00000|  0%| F|  |TAMS 0x0000000705c00000, 0x0000000705c00000| Untracked 
|  93|0x0000000705d00000, 0x0000000705d00000, 0x0000000705e00000|  0%| F|  |TAMS 0x0000000705d00000, 0x0000000705d00000| Untracked 
|  94|0x0000000705e00000, 0x0000000705e00000, 0x0000000705f00000|  0%| F|  |TAMS 0x0000000705e00000, 0x0000000705e00000| Untracked 
|  95|0x0000000705f00000, 0x0000000705f00000, 0x0000000706000000|  0%| F|  |TAMS 0x0000000705f00000, 0x0000000705f00000| Untracked 
|  96|0x0000000706000000, 0x0000000706000000, 0x0000000706100000|  0%| F|  |TAMS 0x0000000706000000, 0x0000000706000000| Untracked 
|  97|0x0000000706100000, 0x0000000706100000, 0x0000000706200000|  0%| F|  |TAMS 0x0000000706100000, 0x0000000706100000| Untracked 
|  98|0x0000000706200000, 0x0000000706200000, 0x0000000706300000|  0%| F|  |TAMS 0x0000000706200000, 0x0000000706200000| Untracked 
|  99|0x0000000706300000, 0x0000000706300000, 0x0000000706400000|  0%| F|  |TAMS 0x0000000706300000, 0x0000000706300000| Untracked 
| 100|0x0000000706400000, 0x0000000706400000, 0x0000000706500000|  0%| F|  |TAMS 0x0000000706400000, 0x0000000706400000| Untracked 
| 101|0x0000000706500000, 0x0000000706500000, 0x0000000706600000|  0%| F|  |TAMS 0x0000000706500000, 0x0000000706500000| Untracked 
| 102|0x0000000706600000, 0x0000000706600000, 0x0000000706700000|  0%| F|  |TAMS 0x0000000706600000, 0x0000000706600000| Untracked 
| 103|0x0000000706700000, 0x0000000706700000, 0x0000000706800000|  0%| F|  |TAMS 0x0000000706700000, 0x0000000706700000| Untracked 
| 104|0x0000000706800000, 0x0000000706800000, 0x0000000706900000|  0%| F|  |TAMS 0x0000000706800000, 0x0000000706800000| Untracked 
| 105|0x0000000706900000, 0x0000000706900000, 0x0000000706a00000|  0%| F|  |TAMS 0x0000000706900000, 0x0000000706900000| Untracked 
| 106|0x0000000706a00000, 0x0000000706a00000, 0x0000000706b00000|  0%| F|  |TAMS 0x0000000706a00000, 0x0000000706a00000| Untracked 
| 107|0x0000000706b00000, 0x0000000706b00000, 0x0000000706c00000|  0%| F|  |TAMS 0x0000000706b00000, 0x0000000706b00000| Untracked 
| 108|0x0000000706c00000, 0x0000000706c00000, 0x0000000706d00000|  0%| F|  |TAMS 0x0000000706c00000, 0x0000000706c00000| Untracked 
| 109|0x0000000706d00000, 0x0000000706d00000, 0x0000000706e00000|  0%| F|  |TAMS 0x0000000706d00000, 0x0000000706d00000| Untracked 
| 110|0x0000000706e00000, 0x0000000706e00000, 0x0000000706f00000|  0%| F|  |TAMS 0x0000000706e00000, 0x0000000706e00000| Untracked 
| 111|0x0000000706f00000, 0x0000000706f00000, 0x0000000707000000|  0%| F|  |TAMS 0x0000000706f00000, 0x0000000706f00000| Untracked 
| 112|0x0000000707000000, 0x0000000707000000, 0x0000000707100000|  0%| F|  |TAMS 0x0000000707000000, 0x0000000707000000| Untracked 
| 113|0x0000000707100000, 0x0000000707100000, 0x0000000707200000|  0%| F|  |TAMS 0x0000000707100000, 0x0000000707100000| Untracked 
| 114|0x0000000707200000, 0x0000000707200000, 0x0000000707300000|  0%| F|  |TAMS 0x0000000707200000, 0x0000000707200000| Untracked 
| 115|0x0000000707300000, 0x0000000707300000, 0x0000000707400000|  0%| F|  |TAMS 0x0000000707300000, 0x0000000707300000| Untracked 
| 116|0x0000000707400000, 0x0000000707400000, 0x0000000707500000|  0%| F|  |TAMS 0x0000000707400000, 0x0000000707400000| Untracked 
| 117|0x0000000707500000, 0x0000000707500000, 0x0000000707600000|  0%| F|  |TAMS 0x0000000707500000, 0x0000000707500000| Untracked 
| 118|0x0000000707600000, 0x0000000707600000, 0x0000000707700000|  0%| F|  |TAMS 0x0000000707600000, 0x0000000707600000| Untracked 
| 119|0x0000000707700000, 0x0000000707700000, 0x0000000707800000|  0%| F|  |TAMS 0x0000000707700000, 0x0000000707700000| Untracked 
| 120|0x0000000707800000, 0x0000000707800000, 0x0000000707900000|  0%| F|  |TAMS 0x0000000707800000, 0x0000000707800000| Untracked 
| 121|0x0000000707900000, 0x0000000707900000, 0x0000000707a00000|  0%| F|  |TAMS 0x0000000707900000, 0x0000000707900000| Untracked 
| 122|0x0000000707a00000, 0x0000000707a00000, 0x0000000707b00000|  0%| F|  |TAMS 0x0000000707a00000, 0x0000000707a00000| Untracked 
| 123|0x0000000707b00000, 0x0000000707b00000, 0x0000000707c00000|  0%| F|  |TAMS 0x0000000707b00000, 0x0000000707b00000| Untracked 
| 124|0x0000000707c00000, 0x0000000707c00000, 0x0000000707d00000|  0%| F|  |TAMS 0x0000000707c00000, 0x0000000707c00000| Untracked 
| 125|0x0000000707d00000, 0x0000000707d00000, 0x0000000707e00000|  0%| F|  |TAMS 0x0000000707d00000, 0x0000000707d00000| Untracked 
| 126|0x0000000707e00000, 0x0000000707e00000, 0x0000000707f00000|  0%| F|  |TAMS 0x0000000707e00000, 0x0000000707e00000| Untracked 
| 127|0x0000000707f00000, 0x0000000707f00000, 0x0000000708000000|  0%| F|  |TAMS 0x0000000707f00000, 0x0000000707f00000| Untracked 
| 128|0x0000000708000000, 0x0000000708000000, 0x0000000708100000|  0%| F|  |TAMS 0x0000000708000000, 0x0000000708000000| Untracked 
| 129|0x0000000708100000, 0x0000000708100000, 0x0000000708200000|  0%| F|  |TAMS 0x0000000708100000, 0x0000000708100000| Untracked 
| 130|0x0000000708200000, 0x0000000708200000, 0x0000000708300000|  0%| F|  |TAMS 0x0000000708200000, 0x0000000708200000| Untracked 
| 131|0x0000000708300000, 0x0000000708300000, 0x0000000708400000|  0%| F|  |TAMS 0x0000000708300000, 0x0000000708300000| Untracked 
| 132|0x0000000708400000, 0x0000000708400000, 0x0000000708500000|  0%| F|  |TAMS 0x0000000708400000, 0x0000000708400000| Untracked 
| 133|0x0000000708500000, 0x0000000708500000, 0x0000000708600000|  0%| F|  |TAMS 0x0000000708500000, 0x0000000708500000| Untracked 
| 134|0x0000000708600000, 0x0000000708600000, 0x0000000708700000|  0%| F|  |TAMS 0x0000000708600000, 0x0000000708600000| Untracked 
| 135|0x0000000708700000, 0x0000000708700000, 0x0000000708800000|  0%| F|  |TAMS 0x0000000708700000, 0x0000000708700000| Untracked 
| 136|0x0000000708800000, 0x0000000708800000, 0x0000000708900000|  0%| F|  |TAMS 0x0000000708800000, 0x0000000708800000| Untracked 
| 137|0x0000000708900000, 0x0000000708900000, 0x0000000708a00000|  0%| F|  |TAMS 0x0000000708900000, 0x0000000708900000| Untracked 
| 138|0x0000000708a00000, 0x0000000708a00000, 0x0000000708b00000|  0%| F|  |TAMS 0x0000000708a00000, 0x0000000708a00000| Untracked 
| 139|0x0000000708b00000, 0x0000000708b00000, 0x0000000708c00000|  0%| F|  |TAMS 0x0000000708b00000, 0x0000000708b00000| Untracked 
| 140|0x0000000708c00000, 0x0000000708c00000, 0x0000000708d00000|  0%| F|  |TAMS 0x0000000708c00000, 0x0000000708c00000| Untracked 
| 141|0x0000000708d00000, 0x0000000708d00000, 0x0000000708e00000|  0%| F|  |TAMS 0x0000000708d00000, 0x0000000708d00000| Untracked 
| 142|0x0000000708e00000, 0x0000000708e00000, 0x0000000708f00000|  0%| F|  |TAMS 0x0000000708e00000, 0x0000000708e00000| Untracked 
| 143|0x0000000708f00000, 0x0000000708f00000, 0x0000000709000000|  0%| F|  |TAMS 0x0000000708f00000, 0x0000000708f00000| Untracked 
| 144|0x0000000709000000, 0x0000000709000000, 0x0000000709100000|  0%| F|  |TAMS 0x0000000709000000, 0x0000000709000000| Untracked 
| 145|0x0000000709100000, 0x0000000709100000, 0x0000000709200000|  0%| F|  |TAMS 0x0000000709100000, 0x0000000709100000| Untracked 
| 146|0x0000000709200000, 0x0000000709200000, 0x0000000709300000|  0%| F|  |TAMS 0x0000000709200000, 0x0000000709200000| Untracked 
| 147|0x0000000709300000, 0x0000000709300000, 0x0000000709400000|  0%| F|  |TAMS 0x0000000709300000, 0x0000000709300000| Untracked 
| 148|0x0000000709400000, 0x0000000709400000, 0x0000000709500000|  0%| F|  |TAMS 0x0000000709400000, 0x0000000709400000| Untracked 
| 149|0x0000000709500000, 0x0000000709500000, 0x0000000709600000|  0%| F|  |TAMS 0x0000000709500000, 0x0000000709500000| Untracked 
| 150|0x0000000709600000, 0x0000000709600000, 0x0000000709700000|  0%| F|  |TAMS 0x0000000709600000, 0x0000000709600000| Untracked 
| 151|0x0000000709700000, 0x0000000709700000, 0x0000000709800000|  0%| F|  |TAMS 0x0000000709700000, 0x0000000709700000| Untracked 
| 152|0x0000000709800000, 0x0000000709800000, 0x0000000709900000|  0%| F|  |TAMS 0x0000000709800000, 0x0000000709800000| Untracked 
| 153|0x0000000709900000, 0x0000000709900000, 0x0000000709a00000|  0%| F|  |TAMS 0x0000000709900000, 0x0000000709900000| Untracked 
| 154|0x0000000709a00000, 0x0000000709a00000, 0x0000000709b00000|  0%| F|  |TAMS 0x0000000709a00000, 0x0000000709a00000| Untracked 
| 155|0x0000000709b00000, 0x0000000709b00000, 0x0000000709c00000|  0%| F|  |TAMS 0x0000000709b00000, 0x0000000709b00000| Untracked 
| 156|0x0000000709c00000, 0x0000000709c00000, 0x0000000709d00000|  0%| F|  |TAMS 0x0000000709c00000, 0x0000000709c00000| Untracked 
| 157|0x0000000709d00000, 0x0000000709d00000, 0x0000000709e00000|  0%| F|  |TAMS 0x0000000709d00000, 0x0000000709d00000| Untracked 
| 158|0x0000000709e00000, 0x0000000709e00000, 0x0000000709f00000|  0%| F|  |TAMS 0x0000000709e00000, 0x0000000709e00000| Untracked 
| 159|0x0000000709f00000, 0x0000000709f00000, 0x000000070a000000|  0%| F|  |TAMS 0x0000000709f00000, 0x0000000709f00000| Untracked 
| 160|0x000000070a000000, 0x000000070a000000, 0x000000070a100000|  0%| F|  |TAMS 0x000000070a000000, 0x000000070a000000| Untracked 
| 161|0x000000070a100000, 0x000000070a100000, 0x000000070a200000|  0%| F|  |TAMS 0x000000070a100000, 0x000000070a100000| Untracked 
| 162|0x000000070a200000, 0x000000070a200000, 0x000000070a300000|  0%| F|  |TAMS 0x000000070a200000, 0x000000070a200000| Untracked 
| 163|0x000000070a300000, 0x000000070a300000, 0x000000070a400000|  0%| F|  |TAMS 0x000000070a300000, 0x000000070a300000| Untracked 
| 164|0x000000070a400000, 0x000000070a400000, 0x000000070a500000|  0%| F|  |TAMS 0x000000070a400000, 0x000000070a400000| Untracked 
| 165|0x000000070a500000, 0x000000070a500000, 0x000000070a600000|  0%| F|  |TAMS 0x000000070a500000, 0x000000070a500000| Untracked 
| 166|0x000000070a600000, 0x000000070a600000, 0x000000070a700000|  0%| F|  |TAMS 0x000000070a600000, 0x000000070a600000| Untracked 
| 167|0x000000070a700000, 0x000000070a700000, 0x000000070a800000|  0%| F|  |TAMS 0x000000070a700000, 0x000000070a700000| Untracked 
| 168|0x000000070a800000, 0x000000070a800000, 0x000000070a900000|  0%| F|  |TAMS 0x000000070a800000, 0x000000070a800000| Untracked 
| 169|0x000000070a900000, 0x000000070a900000, 0x000000070aa00000|  0%| F|  |TAMS 0x000000070a900000, 0x000000070a900000| Untracked 
| 170|0x000000070aa00000, 0x000000070aa00000, 0x000000070ab00000|  0%| F|  |TAMS 0x000000070aa00000, 0x000000070aa00000| Untracked 
| 171|0x000000070ab00000, 0x000000070ab00000, 0x000000070ac00000|  0%| F|  |TAMS 0x000000070ab00000, 0x000000070ab00000| Untracked 
| 172|0x000000070ac00000, 0x000000070ac00000, 0x000000070ad00000|  0%| F|  |TAMS 0x000000070ac00000, 0x000000070ac00000| Untracked 
| 173|0x000000070ad00000, 0x000000070ad00000, 0x000000070ae00000|  0%| F|  |TAMS 0x000000070ad00000, 0x000000070ad00000| Untracked 
| 174|0x000000070ae00000, 0x000000070ae00000, 0x000000070af00000|  0%| F|  |TAMS 0x000000070ae00000, 0x000000070ae00000| Untracked 
| 175|0x000000070af00000, 0x000000070af00000, 0x000000070b000000|  0%| F|  |TAMS 0x000000070af00000, 0x000000070af00000| Untracked 
| 176|0x000000070b000000, 0x000000070b000000, 0x000000070b100000|  0%| F|  |TAMS 0x000000070b000000, 0x000000070b000000| Untracked 
| 177|0x000000070b100000, 0x000000070b100000, 0x000000070b200000|  0%| F|  |TAMS 0x000000070b100000, 0x000000070b100000| Untracked 
| 178|0x000000070b200000, 0x000000070b200000, 0x000000070b300000|  0%| F|  |TAMS 0x000000070b200000, 0x000000070b200000| Untracked 
| 179|0x000000070b300000, 0x000000070b300000, 0x000000070b400000|  0%| F|  |TAMS 0x000000070b300000, 0x000000070b300000| Untracked 
| 180|0x000000070b400000, 0x000000070b400000, 0x000000070b500000|  0%| F|  |TAMS 0x000000070b400000, 0x000000070b400000| Untracked 
| 181|0x000000070b500000, 0x000000070b500000, 0x000000070b600000|  0%| F|  |TAMS 0x000000070b500000, 0x000000070b500000| Untracked 
| 182|0x000000070b600000, 0x000000070b600000, 0x000000070b700000|  0%| F|  |TAMS 0x000000070b600000, 0x000000070b600000| Untracked 
| 183|0x000000070b700000, 0x000000070b700000, 0x000000070b800000|  0%| F|  |TAMS 0x000000070b700000, 0x000000070b700000| Untracked 
| 184|0x000000070b800000, 0x000000070b800000, 0x000000070b900000|  0%| F|  |TAMS 0x000000070b800000, 0x000000070b800000| Untracked 
| 185|0x000000070b900000, 0x000000070b900000, 0x000000070ba00000|  0%| F|  |TAMS 0x000000070b900000, 0x000000070b900000| Untracked 
| 186|0x000000070ba00000, 0x000000070ba00000, 0x000000070bb00000|  0%| F|  |TAMS 0x000000070ba00000, 0x000000070ba00000| Untracked 
| 187|0x000000070bb00000, 0x000000070bb00000, 0x000000070bc00000|  0%| F|  |TAMS 0x000000070bb00000, 0x000000070bb00000| Untracked 
| 188|0x000000070bc00000, 0x000000070bc00000, 0x000000070bd00000|  0%| F|  |TAMS 0x000000070bc00000, 0x000000070bc00000| Untracked 
| 189|0x000000070bd00000, 0x000000070bd00000, 0x000000070be00000|  0%| F|  |TAMS 0x000000070bd00000, 0x000000070bd00000| Untracked 
| 190|0x000000070be00000, 0x000000070be00000, 0x000000070bf00000|  0%| F|  |TAMS 0x000000070be00000, 0x000000070be00000| Untracked 
| 191|0x000000070bf00000, 0x000000070bf00000, 0x000000070c000000|  0%| F|  |TAMS 0x000000070bf00000, 0x000000070bf00000| Untracked 
| 192|0x000000070c000000, 0x000000070c000000, 0x000000070c100000|  0%| F|  |TAMS 0x000000070c000000, 0x000000070c000000| Untracked 
| 193|0x000000070c100000, 0x000000070c100000, 0x000000070c200000|  0%| F|  |TAMS 0x000000070c100000, 0x000000070c100000| Untracked 
| 194|0x000000070c200000, 0x000000070c200000, 0x000000070c300000|  0%| F|  |TAMS 0x000000070c200000, 0x000000070c200000| Untracked 
| 195|0x000000070c300000, 0x000000070c300000, 0x000000070c400000|  0%| F|  |TAMS 0x000000070c300000, 0x000000070c300000| Untracked 
| 196|0x000000070c400000, 0x000000070c400000, 0x000000070c500000|  0%| F|  |TAMS 0x000000070c400000, 0x000000070c400000| Untracked 
| 197|0x000000070c500000, 0x000000070c500000, 0x000000070c600000|  0%| F|  |TAMS 0x000000070c500000, 0x000000070c500000| Untracked 
| 198|0x000000070c600000, 0x000000070c600000, 0x000000070c700000|  0%| F|  |TAMS 0x000000070c600000, 0x000000070c600000| Untracked 
| 199|0x000000070c700000, 0x000000070c700000, 0x000000070c800000|  0%| F|  |TAMS 0x000000070c700000, 0x000000070c700000| Untracked 
| 200|0x000000070c800000, 0x000000070c800000, 0x000000070c900000|  0%| F|  |TAMS 0x000000070c800000, 0x000000070c800000| Untracked 
| 201|0x000000070c900000, 0x000000070c900000, 0x000000070ca00000|  0%| F|  |TAMS 0x000000070c900000, 0x000000070c900000| Untracked 
| 202|0x000000070ca00000, 0x000000070ca00000, 0x000000070cb00000|  0%| F|  |TAMS 0x000000070ca00000, 0x000000070ca00000| Untracked 
| 203|0x000000070cb00000, 0x000000070cb00000, 0x000000070cc00000|  0%| F|  |TAMS 0x000000070cb00000, 0x000000070cb00000| Untracked 
| 204|0x000000070cc00000, 0x000000070cc00000, 0x000000070cd00000|  0%| F|  |TAMS 0x000000070cc00000, 0x000000070cc00000| Untracked 
| 205|0x000000070cd00000, 0x000000070cd00000, 0x000000070ce00000|  0%| F|  |TAMS 0x000000070cd00000, 0x000000070cd00000| Untracked 
| 206|0x000000070ce00000, 0x000000070ce00000, 0x000000070cf00000|  0%| F|  |TAMS 0x000000070ce00000, 0x000000070ce00000| Untracked 
| 207|0x000000070cf00000, 0x000000070cf00000, 0x000000070d000000|  0%| F|  |TAMS 0x000000070cf00000, 0x000000070cf00000| Untracked 
| 208|0x000000070d000000, 0x000000070d000000, 0x000000070d100000|  0%| F|  |TAMS 0x000000070d000000, 0x000000070d000000| Untracked 
| 209|0x000000070d100000, 0x000000070d1228c0, 0x000000070d200000| 13%| S|CS|TAMS 0x000000070d100000, 0x000000070d100000| Complete 
| 210|0x000000070d200000, 0x000000070d300000, 0x000000070d300000|100%| S|CS|TAMS 0x000000070d200000, 0x000000070d200000| Complete 
| 211|0x000000070d300000, 0x000000070d400000, 0x000000070d400000|100%| S|CS|TAMS 0x000000070d300000, 0x000000070d300000| Complete 
| 212|0x000000070d400000, 0x000000070d500000, 0x000000070d500000|100%| S|CS|TAMS 0x000000070d400000, 0x000000070d400000| Complete 
| 213|0x000000070d500000, 0x000000070d600000, 0x000000070d600000|100%| S|CS|TAMS 0x000000070d500000, 0x000000070d500000| Complete 
| 214|0x000000070d600000, 0x000000070d700000, 0x000000070d700000|100%| S|CS|TAMS 0x000000070d600000, 0x000000070d600000| Complete 
| 215|0x000000070d700000, 0x000000070d800000, 0x000000070d800000|100%| S|CS|TAMS 0x000000070d700000, 0x000000070d700000| Complete 
| 216|0x000000070d800000, 0x000000070d800000, 0x000000070d900000|  0%| F|  |TAMS 0x000000070d800000, 0x000000070d800000| Untracked 
| 217|0x000000070d900000, 0x000000070d900000, 0x000000070da00000|  0%| F|  |TAMS 0x000000070d900000, 0x000000070d900000| Untracked 
| 218|0x000000070da00000, 0x000000070da00000, 0x000000070db00000|  0%| F|  |TAMS 0x000000070da00000, 0x000000070da00000| Untracked 
| 219|0x000000070db00000, 0x000000070db00000, 0x000000070dc00000|  0%| F|  |TAMS 0x000000070db00000, 0x000000070db00000| Untracked 
| 220|0x000000070dc00000, 0x000000070dc00000, 0x000000070dd00000|  0%| F|  |TAMS 0x000000070dc00000, 0x000000070dc00000| Untracked 
| 221|0x000000070dd00000, 0x000000070dd00000, 0x000000070de00000|  0%| F|  |TAMS 0x000000070dd00000, 0x000000070dd00000| Untracked 
| 222|0x000000070de00000, 0x000000070de00000, 0x000000070df00000|  0%| F|  |TAMS 0x000000070de00000, 0x000000070de00000| Untracked 
| 223|0x000000070df00000, 0x000000070df00000, 0x000000070e000000|  0%| F|  |TAMS 0x000000070df00000, 0x000000070df00000| Untracked 
| 224|0x000000070e000000, 0x000000070e000000, 0x000000070e100000|  0%| F|  |TAMS 0x000000070e000000, 0x000000070e000000| Untracked 
| 225|0x000000070e100000, 0x000000070e100000, 0x000000070e200000|  0%| F|  |TAMS 0x000000070e100000, 0x000000070e100000| Untracked 
| 226|0x000000070e200000, 0x000000070e200000, 0x000000070e300000|  0%| F|  |TAMS 0x000000070e200000, 0x000000070e200000| Untracked 
| 227|0x000000070e300000, 0x000000070e300000, 0x000000070e400000|  0%| F|  |TAMS 0x000000070e300000, 0x000000070e300000| Untracked 
| 228|0x000000070e400000, 0x000000070e400000, 0x000000070e500000|  0%| F|  |TAMS 0x000000070e400000, 0x000000070e400000| Untracked 
| 229|0x000000070e500000, 0x000000070e500000, 0x000000070e600000|  0%| F|  |TAMS 0x000000070e500000, 0x000000070e500000| Untracked 
| 230|0x000000070e600000, 0x000000070e600000, 0x000000070e700000|  0%| F|  |TAMS 0x000000070e600000, 0x000000070e600000| Untracked 
| 231|0x000000070e700000, 0x000000070e700000, 0x000000070e800000|  0%| F|  |TAMS 0x000000070e700000, 0x000000070e700000| Untracked 
| 232|0x000000070e800000, 0x000000070e800000, 0x000000070e900000|  0%| F|  |TAMS 0x000000070e800000, 0x000000070e800000| Untracked 
| 233|0x000000070e900000, 0x000000070e900000, 0x000000070ea00000|  0%| F|  |TAMS 0x000000070e900000, 0x000000070e900000| Untracked 
| 234|0x000000070ea00000, 0x000000070ea00000, 0x000000070eb00000|  0%| F|  |TAMS 0x000000070ea00000, 0x000000070ea00000| Untracked 
| 235|0x000000070eb00000, 0x000000070eb00000, 0x000000070ec00000|  0%| F|  |TAMS 0x000000070eb00000, 0x000000070eb00000| Untracked 
| 236|0x000000070ec00000, 0x000000070ec00000, 0x000000070ed00000|  0%| F|  |TAMS 0x000000070ec00000, 0x000000070ec00000| Untracked 
| 237|0x000000070ed00000, 0x000000070ed00000, 0x000000070ee00000|  0%| F|  |TAMS 0x000000070ed00000, 0x000000070ed00000| Untracked 
| 238|0x000000070ee00000, 0x000000070ee00000, 0x000000070ef00000|  0%| F|  |TAMS 0x000000070ee00000, 0x000000070ee00000| Untracked 
| 239|0x000000070ef00000, 0x000000070ef00000, 0x000000070f000000|  0%| F|  |TAMS 0x000000070ef00000, 0x000000070ef00000| Untracked 
| 240|0x000000070f000000, 0x000000070f000000, 0x000000070f100000|  0%| F|  |TAMS 0x000000070f000000, 0x000000070f000000| Untracked 
| 241|0x000000070f100000, 0x000000070f100000, 0x000000070f200000|  0%| F|  |TAMS 0x000000070f100000, 0x000000070f100000| Untracked 
| 242|0x000000070f200000, 0x000000070f200000, 0x000000070f300000|  0%| F|  |TAMS 0x000000070f200000, 0x000000070f200000| Untracked 
| 243|0x000000070f300000, 0x000000070f300000, 0x000000070f400000|  0%| F|  |TAMS 0x000000070f300000, 0x000000070f300000| Untracked 
| 244|0x000000070f400000, 0x000000070f400000, 0x000000070f500000|  0%| F|  |TAMS 0x000000070f400000, 0x000000070f400000| Untracked 
| 245|0x000000070f500000, 0x000000070f582380, 0x000000070f600000| 50%| E|  |TAMS 0x000000070f500000, 0x000000070f500000| Complete 
| 246|0x000000070f600000, 0x000000070f700000, 0x000000070f700000|100%| E|CS|TAMS 0x000000070f600000, 0x000000070f600000| Complete 
| 247|0x000000070f700000, 0x000000070f800000, 0x000000070f800000|100%| E|CS|TAMS 0x000000070f700000, 0x000000070f700000| Complete 
| 248|0x000000070f800000, 0x000000070f900000, 0x000000070f900000|100%| E|CS|TAMS 0x000000070f800000, 0x000000070f800000| Complete 
| 249|0x000000070f900000, 0x000000070fa00000, 0x000000070fa00000|100%| E|CS|TAMS 0x000000070f900000, 0x000000070f900000| Complete 
| 250|0x000000070fa00000, 0x000000070fb00000, 0x000000070fb00000|100%| E|CS|TAMS 0x000000070fa00000, 0x000000070fa00000| Complete 
| 251|0x000000070fb00000, 0x000000070fc00000, 0x000000070fc00000|100%| E|CS|TAMS 0x000000070fb00000, 0x000000070fb00000| Complete 
| 252|0x000000070fc00000, 0x000000070fd00000, 0x000000070fd00000|100%| E|CS|TAMS 0x000000070fc00000, 0x000000070fc00000| Complete 
| 253|0x000000070fd00000, 0x000000070fe00000, 0x000000070fe00000|100%| E|CS|TAMS 0x000000070fd00000, 0x000000070fd00000| Complete 
| 254|0x000000070fe00000, 0x000000070ff00000, 0x000000070ff00000|100%| E|CS|TAMS 0x000000070fe00000, 0x000000070fe00000| Complete 
| 255|0x000000070ff00000, 0x0000000710000000, 0x0000000710000000|100%| E|CS|TAMS 0x000000070ff00000, 0x000000070ff00000| Complete 

Card table byte_map: [0x0000000125e3f000,0x000000012663f000] _byte_map_base: 0x000000012263f000

Marking Bits (Prev, Next): (CMBitMap*) 0x00007f97a086a450, (CMBitMap*) 0x00007f97a086a418
 Prev Bits: [0x000000012ae3f000, 0x000000012ee3f000)
 Next Bits: [0x0000000126e3f000, 0x000000012ae3f000)

Polling page: 0x000000010271b000

Metaspace:

Usage:
  Non-class:     19.25 MB capacity,    18.75 MB ( 97%) used,   426.40 KB (  2%) free+waste,    84.62 KB ( <1%) overhead. 
      Class:      2.78 MB capacity,     2.47 MB ( 89%) used,   275.41 KB ( 10%) free+waste,    42.81 KB (  2%) overhead. 
       Both:     22.03 MB capacity,    21.22 MB ( 96%) used,   701.81 KB (  3%) free+waste,   127.44 KB ( <1%) overhead. 

Virtual space:
  Non-class space:       20.00 MB reserved,      19.25 MB ( 96%) committed 
      Class space:        1.00 GB reserved,       2.88 MB ( <1%) committed 
             Both:        1.02 GB reserved,      22.12 MB (  2%) committed 

Chunk freelists:
   Non-Class:  0 bytes
       Class:  1.00 KB
        Both:  1.00 KB

MaxMetaspaceSize: unlimited
CompressedClassSpaceSize: 1.00 GB
Initial GC threshold: 20.80 MB
Current GC threshold: 34.79 MB
CDS: off

CodeHeap 'non-profiled nmethods': size=238384Kb used=4651Kb max_used=4651Kb free=233732Kb
 bounds [0x0000000116ba1000, 0x0000000117031000, 0x000000012546d000]
CodeHeap 'non-nmethods': size=7376Kb used=1202Kb max_used=1202Kb free=6173Kb
 bounds [0x000000011646d000, 0x00000001166dd000, 0x0000000116ba1000]
 total_blobs=2924 nmethods=2443 adapters=410
 compilation: enabled
              stopped_count=0, restarted_count=0
 full_count=0

Compilation events (20 events):
Event: 2.625 Thread 0x00007f97a1088800 2433       1       org.springframework.core.ResolvableType::forClass (9 bytes)
Event: 2.625 Thread 0x00007f97a1088800 nmethod 2433 0x0000000117025c10 code [0x0000000117025dc0, 0x0000000117025ee0]
Event: 2.625 Thread 0x00007f97a1088800 2434       1       org.springframework.core.ResolvableType::<init> (47 bytes)
Event: 2.625 Thread 0x00007f97a1088800 nmethod 2434 0x0000000117025f90 code [0x0000000117026140, 0x0000000117026390]
Event: 2.627 Thread 0x00007f97a1088800 2435       1       java.util.BitSet::wordIndex (5 bytes)
Event: 2.627 Thread 0x00007f97a1088800 nmethod 2435 0x0000000117026490 code [0x0000000117026640, 0x00000001170266d0]
Event: 2.627 Thread 0x00007f97a1088800 2436       1       java.util.BitSet::checkInvariants (111 bytes)
Event: 2.627 Thread 0x00007f97a1088800 nmethod 2436 0x0000000117026790 code [0x0000000117026940, 0x00000001170269f0]
Event: 2.629 Thread 0x00007f97a1088800 2437       1       java.util.BitSet::get (69 bytes)
Event: 2.629 Thread 0x00007f97a1088800 nmethod 2437 0x0000000117026a90 code [0x0000000117026ca0, 0x0000000117027100]
Event: 2.629 Thread 0x00007f97a1088800 2438  s!   1       jdk.internal.loader.URLClassPath::getLoader (194 bytes)
Event: 2.630 Thread 0x00007f97a1088800 nmethod 2438 0x0000000117027690 code [0x0000000117027900, 0x0000000117028450]
Event: 2.634 Thread 0x00007f97a1088800 2439       1       java.lang.invoke.VarHandleGuards::guard_LII_Z (70 bytes)
Event: 2.634 Thread 0x00007f97a1088800 nmethod 2439 0x0000000117029390 code [0x00000001170295e0, 0x0000000117029c20]
Event: 2.634 Thread 0x00007f97a1088800 2440       1       java.lang.invoke.VarHandleInts$FieldInstanceReadWrite::compareAndSet (24 bytes)
Event: 2.635 Thread 0x00007f97a1088800 nmethod 2440 0x000000011702a510 code [0x000000011702a6e0, 0x000000011702a9a0]
Event: 2.639 Thread 0x00007f97a1088800 2442  s    1       java.util.Vector::addElement (24 bytes)
Event: 2.639 Thread 0x00007f97a1088800 nmethod 2442 0x000000011702ad10 code [0x000000011702aee0, 0x000000011702b370]
Event: 2.639 Thread 0x00007f97a1088800 2443       1       java.util.Vector::add (23 bytes)
Event: 2.639 Thread 0x00007f97a1088800 nmethod 2443 0x000000011702b710 code [0x000000011702b8e0, 0x000000011702bbd0]

GC Heap History (4 events):
Event: 1.702 GC heap before
{Heap before GC invocations=0 (full 0):
 garbage-first heap   total 262144K, used 23552K [0x0000000700000000, 0x0000000800000000)
  region size 1024K, 24 young (24576K), 0 survivors (0K)
 Metaspace       used 12098K, capacity 12333K, committed 12672K, reserved 1060864K
  class space    used 1199K, capacity 1293K, committed 1408K, reserved 1048576K
}
Event: 1.712 GC heap after
{Heap after GC invocations=1 (full 0):
 garbage-first heap   total 262144K, used 4464K [0x0000000700000000, 0x0000000800000000)
  region size 1024K, 3 young (3072K), 3 survivors (3072K)
 Metaspace       used 12098K, capacity 12333K, committed 12672K, reserved 1060864K
  class space    used 1199K, capacity 1293K, committed 1408K, reserved 1048576K
}
Event: 2.423 GC heap before
{Heap before GC invocations=1 (full 0):
 garbage-first heap   total 262144K, used 41328K [0x0000000700000000, 0x0000000800000000)
  region size 1024K, 40 young (40960K), 3 survivors (3072K)
 Metaspace       used 20429K, capacity 21117K, committed 21248K, reserved 1069056K
  class space    used 2282K, capacity 2534K, committed 2560K, reserved 1048576K
}
Event: 2.444 GC heap after
{Heap after GC invocations=2 (full 0):
 garbage-first heap   total 262144K, used 7674K [0x0000000700000000, 0x0000000800000000)
  region size 1024K, 7 young (7168K), 7 survivors (7168K)
 Metaspace       used 20429K, capacity 21117K, committed 21248K, reserved 1069056K
  class space    used 2282K, capacity 2534K, committed 2560K, reserved 1048576K
}

Deoptimization events (0 events):
No events

Classes redefined (18 events):
Event: 1.390 Thread 0x00007f9770934000 redefined class name=java.io.FileInputStream, count=1
Event: 1.392 Thread 0x00007f9770934000 redefined class name=java.io.FileOutputStream, count=1
Event: 1.393 Thread 0x00007f9770934000 redefined class name=java.io.RandomAccessFile, count=1
Event: 1.394 Thread 0x00007f9770934000 redefined class name=sun.nio.ch.FileChannelImpl, count=1
Event: 1.396 Thread 0x00007f9770934000 redefined class name=java.net.SocketInputStream, count=2
Event: 1.397 Thread 0x00007f9770934000 redefined class name=java.net.SocketOutputStream, count=2
Event: 1.398 Thread 0x00007f9770934000 redefined class name=sun.nio.ch.SocketChannelImpl, count=1
Event: 1.400 Thread 0x00007f9770934000 redefined class name=java.lang.Throwable, count=1
Event: 1.401 Thread 0x00007f9770934000 redefined class name=java.lang.Error, count=2
Event: 1.529 Thread 0x00007f9770934000 redefined class name=jdk.jfr.events.ActiveRecordingEvent, count=1
Event: 1.530 Thread 0x00007f9770934000 redefined class name=jdk.jfr.events.ActiveSettingEvent, count=1
Event: 1.532 Thread 0x00007f9770934000 redefined class name=jdk.jfr.events.ErrorThrownEvent, count=1
Event: 1.533 Thread 0x00007f9770934000 redefined class name=jdk.jfr.events.ExceptionStatisticsEvent, count=1
Event: 1.534 Thread 0x00007f9770934000 redefined class name=jdk.jfr.events.SocketWriteEvent, count=1
Event: 1.536 Thread 0x00007f9770934000 redefined class name=jdk.jfr.events.SocketReadEvent, count=1
Event: 1.537 Thread 0x00007f9770934000 redefined class name=jdk.jfr.events.FileWriteEvent, count=1
Event: 1.539 Thread 0x00007f9770934000 redefined class name=jdk.jfr.events.FileReadEvent, count=1
Event: 1.540 Thread 0x00007f9770934000 redefined class name=jdk.jfr.events.FileForceEvent, count=1

Internal exceptions (20 events):
Event: 2.344 Thread 0x00007f97a2a42000 Exception <a 'java/lang/NoSuchMethodError'{0x000000070de1e9b8}: 'void java.lang.invoke.DirectMethodHandle$Holder.invokeStaticInit(java.lang.Object, java.lang.Object, java.lang.Object, java.lang.Object)'> (0x000000070de1e9b8) thrown at [src/hotspot/share/interpreter/linkResolver.cpp, line 773]
Event: 2.345 Thread 0x00007f97a2a42000 Exception <a 'java/lang/NoSuchMethodError'{0x000000070de3dec0}: 'java.lang.Object java.lang.invoke.DirectMethodHandle$Holder.invokeInterface(java.lang.Object, java.lang.Object, java.lang.Object)'> (0x000000070de3dec0) thrown at [src/hotspot/share/interpreter/linkResolver.cpp, line 773]
Event: 2.345 Thread 0x00007f97a2a42000 Exception <a 'java/lang/IncompatibleClassChangeError'{0x000000070de40ec0}: Found class java.lang.Object, but interface was expected> (0x000000070de40ec0) thrown at [src/hotspot/share/interpreter/linkResolver.cpp, line 839]
Event: 2.372 Thread 0x00007f97a2a42000 Exception <a 'java/lang/NoSuchMethodError'{0x000000070ddde5a8}: 'int java.lang.invoke.DirectMethodHandle$Holder.invokeSpecial(java.lang.Object, java.lang.Object, java.lang.Object, java.lang.Object)'> (0x000000070ddde5a8) thrown at [src/hotspot/share/interpreter/linkResolver.cpp, line 773]
Event: 2.376 Thread 0x00007f97a2a42000 Exception <a 'java/lang/NoSuchMethodError'{0x000000070dc07630}: 'void java.lang.invoke.DirectMethodHandle$Holder.invokeSpecial(java.lang.Object, java.lang.Object, java.lang.Object, java.lang.Object)'> (0x000000070dc07630) thrown at [src/hotspot/share/interpreter/linkResolver.cpp, line 773]
Event: 2.398 Thread 0x00007f97a2a42000 Exception <a 'java/lang/NoSuchMethodError'{0x000000070dbd9c40}: 'java.lang.Object java.lang.invoke.Invokers$Holder.linkToTargetMethod(java.lang.Object, java.lang.Object, java.lang.Object, java.lang.Object, java.lang.Object, java.lang.Object)'> (0x000000070dbd9c40) thrown at [src/hotspot/share/interpreter/linkResolver.cpp, line 773]
Event: 2.410 Thread 0x00007f97a2a42000 Exception <a 'java/lang/NoSuchMethodError'{0x000000070dac7fb0}: 'java.lang.Object java.lang.invoke.DirectMethodHandle$Holder.invokeSpecial(java.lang.Object, java.lang.Object, java.lang.Object, java.lang.Object, java.lang.Object, java.lang.Object, int)'> (0x000000070dac7fb0) thrown at [src/hotspot/share/interpreter/linkResolver.cpp, line 773]
Event: 2.410 Thread 0x00007f97a2a42000 Exception <a 'java/lang/NoSuchMethodError'{0x000000070dad1a88}: 'java.lang.Object java.lang.invoke.DirectMethodHandle$Holder.invokeSpecial(java.lang.Object, java.lang.Object, java.lang.Object, java.lang.Object, java.lang.Object, java.lang.Object, java.lang.Object, int)'> (0x000000070dad1a88) thrown at [src/hotspot/share/interpreter/linkResolver.cpp, line 773]
Event: 2.410 Thread 0x00007f97a2a42000 Exception <a 'java/lang/NoSuchMethodError'{0x000000070dad59a8}: 'java.lang.Object java.lang.invoke.Invokers$Holder.linkToTargetMethod(java.lang.Object, java.lang.Object, java.lang.Object, java.lang.Object, java.lang.Object, int, java.lang.Object)'> (0x000000070dad59a8) thrown at [src/hotspot/share/interpreter/linkResolver.cpp, line 773]
Event: 2.508 Thread 0x00007f97a2a42000 Exception <a 'java/lang/NoSuchMethodError'{0x000000070fd168e8}: 'java.lang.Object java.lang.invoke.DirectMethodHandle$Holder.invokeStatic(java.lang.Object, java.lang.Object, java.lang.Object, int, java.lang.Object)'> (0x000000070fd168e8) thrown at [src/hotspot/share/interpreter/linkResolver.cpp, line 773]
Event: 2.509 Thread 0x00007f97a2a42000 Exception <a 'java/lang/NoSuchMethodError'{0x000000070fd1d368}: 'java.lang.Object java.lang.invoke.Invokers$Holder.linkToTargetMethod(java.lang.Object, java.lang.Object, int, java.lang.Object, java.lang.Object)'> (0x000000070fd1d368) thrown at [src/hotspot/share/interpreter/linkResolver.cpp, line 773]
Event: 2.509 Thread 0x00007f97a2a42000 Exception <a 'java/lang/NoSuchMethodError'{0x000000070fd344f0}: 'int java.lang.invoke.DirectMethodHandle$Holder.invokeStatic(java.lang.Object, int, java.lang.Object, java.lang.Object)'> (0x000000070fd344f0) thrown at [src/hotspot/share/interpreter/linkResolver.cpp, line 773]
Event: 2.509 Thread 0x00007f97a2a42000 Exception <a 'java/lang/NoSuchMethodError'{0x000000070fd3b4d0}: 'java.lang.Object java.lang.invoke.DirectMethodHandle$Holder.invokeStatic(java.lang.Object, int, java.lang.Object)'> (0x000000070fd3b4d0) thrown at [src/hotspot/share/interpreter/linkResolver.cpp, line 773]
Event: 2.510 Thread 0x00007f97a2a42000 Exception <a 'java/lang/NoSuchMethodError'{0x000000070fd3eca8}: 'int java.lang.invoke.DirectMethodHandle$Holder.invokeSpecialIFC(java.lang.Object, java.lang.Object, java.lang.Object, java.lang.Object)'> (0x000000070fd3eca8) thrown at [src/hotspot/share/interpreter/linkResolver.cpp, line 773]
Event: 2.558 Thread 0x00007f97a2a42000 Exception <a 'java/lang/NoSuchMethodError'{0x000000070fb09878}: 'java.lang.Object java.lang.invoke.DirectMethodHandle$Holder.invokeVirtual(java.lang.Object, java.lang.Object, java.lang.Object)'> (0x000000070fb09878) thrown at [src/hotspot/share/interpreter/linkResolver.cpp, line 773]
Event: 2.570 Thread 0x00007f97a2a42000 Exception <a 'java/lang/NoSuchMethodError'{0x000000070fa2d980}: 'void java.lang.invoke.DirectMethodHandle$Holder.invokeStaticInit(java.lang.Object, java.lang.Object)'> (0x000000070fa2d980) thrown at [src/hotspot/share/interpreter/linkResolver.cpp, line 773]
Event: 2.572 Thread 0x00007f97a2a42000 Exception <a 'java/lang/NoSuchMethodError'{0x000000070fa541d0}: 'void java.lang.invoke.DirectMethodHandle$Holder.invokeStaticInit(java.lang.Object, java.lang.Object, java.lang.Object)'> (0x000000070fa541d0) thrown at [src/hotspot/share/interpreter/linkResolver.cpp, line 773]
Event: 2.587 Thread 0x00007f97a2a42000 Exception <a 'java/lang/NoSuchMethodError'{0x000000070f9220a0}: 'void java.lang.invoke.DirectMethodHandle$Holder.invokeVirtual(java.lang.Object, java.lang.Object, java.lang.Object, java.lang.Object)'> (0x000000070f9220a0) thrown at [src/hotspot/share/interpreter/linkResolver.cpp, line 773]
Event: 2.613 Thread 0x00007f97a2a42000 Exception <a 'java/lang/NoSuchMethodError'{0x000000070f891090}: 'void java.lang.invoke.DirectMethodHandle$Holder.invokeSpecial(java.lang.Object, java.lang.Object, java.lang.Object, java.lang.Object, java.lang.Object)'> (0x000000070f891090) thrown at [src/hotspot/share/interpreter/linkResolver.cpp, line 773]
Event: 2.623 Thread 0x00007f97a1a3e800 Exception <a 'java/lang/NoClassDefFoundError'{0x000000070f8ec818}: javax/validation/Validation> (0x000000070f8ec818) thrown at [src/hotspot/share/classfile/systemDictionary.cpp, line 219]

Events (20 events):
Event: 2.637 loading class org/springframework/http/converter/AbstractHttpMessageConverter done
Event: 2.637 loading class org/springframework/context/support/AbstractApplicationContext
Event: 2.637 loading class org/springframework/context/support/AbstractApplicationContext done
Event: 2.638 loading class org/springframework/http/HttpLogging
Event: 2.638 loading class org/springframework/http/HttpLogging done
Event: 2.638 Thread 0x00007f97a1a57800 Thread added: 0x00007f97a1a57800
Event: 2.638 Protecting memory [0x000000030b744000,0x000000030b748000] with protection modes 0
Event: 2.638 Executing VM operation: RevokeBias
Event: 2.638 Executing VM operation: RevokeBias done
Event: 2.638 loading class org/springframework/core/log/LogDelegateFactory
Event: 2.638 loading class org/springframework/core/log/LogDelegateFactory done
Event: 2.639 loading class org/springframework/core/log/CompositeLog
Event: 2.639 loading class org/springframework/core/log/CompositeLog done
Event: 2.639 loading class org/springframework/web/context/support/ServletContextResourcePatternResolver
Event: 2.639 loading class org/springframework/web/context/support/ServletContextResourcePatternResolver done
Event: 2.639 loading class org/apache/commons/logging/impl/NoOpLog
Event: 2.639 loading class org/apache/commons/logging/impl/NoOpLog done
Event: 2.639 Executing VM operation: RevokeBias
Event: 2.639 Executing VM operation: RevokeBias done
Event: 2.640 Executing VM operation: RevokeBias


Dynamic libraries:
0x000000010ad4c000 	/Users/sdangond/Library/Java/JavaVirtualMachines/corretto-11.0.16/Contents/Home/lib/jli/libjli.dylib
0x00007ff81c448000 	/System/Library/Frameworks/Cocoa.framework/Versions/A/Cocoa
0x00007ff807d46000 	/System/Library/Frameworks/AppKit.framework/Versions/C/AppKit
0x00007ff80b2a5000 	/System/Library/Frameworks/CoreData.framework/Versions/A/CoreData
0x00007ff80615d000 	/System/Library/Frameworks/Foundation.framework/Versions/C/Foundation
0x00007ff8104c1000 	/usr/lib/libSystem.B.dylib
0x00007ff808bd8000 	/System/Library/PrivateFrameworks/UIFoundation.framework/Versions/A/UIFoundation
0x00007ff8163f4000 	/System/Library/PrivateFrameworks/RemoteViewServices.framework/Versions/A/RemoteViewServices
0x00007ff80e794000 	/System/Library/PrivateFrameworks/XCTTargetBootstrap.framework/Versions/A/XCTTargetBootstrap
0x00007ff81238d000 	/System/Library/PrivateFrameworks/InternationalSupport.framework/Versions/A/InternationalSupport
0x00007ff812417000 	/System/Library/PrivateFrameworks/UserActivity.framework/Versions/A/UserActivity
0x00007ff811774000 	/usr/lib/libspindump.dylib
0x00007ff808e66000 	/System/Library/Frameworks/UniformTypeIdentifiers.framework/Versions/A/UniformTypeIdentifiers
0x00007ff80cecd000 	/usr/lib/libapp_launch_measurement.dylib
0x00007ff80bc81000 	/System/Library/PrivateFrameworks/CoreAnalytics.framework/Versions/A/CoreAnalytics
0x00007ff80ced0000 	/System/Library/PrivateFrameworks/CoreAutoLayout.framework/Versions/A/CoreAutoLayout
0x00007ff80e0f0000 	/System/Library/Frameworks/Metal.framework/Versions/A/Metal
0x00007ff80ee0c000 	/usr/lib/liblangid.dylib
0x00007ff80e798000 	/System/Library/PrivateFrameworks/CoreSVG.framework/Versions/A/CoreSVG
0x00007ff80a22d000 	/System/Library/PrivateFrameworks/SkyLight.framework/Versions/A/SkyLight
0x00007ff80a5c3000 	/System/Library/Frameworks/CoreGraphics.framework/Versions/A/CoreGraphics
0x00007ff816a63000 	/System/Library/Frameworks/Accelerate.framework/Versions/A/Accelerate
0x00007ff8111ef000 	/System/Library/PrivateFrameworks/IconServices.framework/Versions/A/IconServices
0x00007ff80e0d5000 	/System/Library/Frameworks/IOSurface.framework/Versions/A/IOSurface
0x00007ff80bcaf000 	/usr/lib/libDiagnosticMessagesClient.dylib
0x00007ff8103db000 	/usr/lib/libz.1.dylib
0x00007ff81a0d4000 	/System/Library/Frameworks/ApplicationServices.framework/Versions/A/ApplicationServices
0x00007ff80e780000 	/System/Library/PrivateFrameworks/DFRFoundation.framework/Versions/A/DFRFoundation
0x00007ff807637000 	/usr/lib/libicucore.A.dylib
0x00007ff8130b2000 	/System/Library/Frameworks/AudioToolbox.framework/Versions/A/AudioToolbox
0x00007ff812399000 	/System/Library/PrivateFrameworks/DataDetectorsCore.framework/Versions/A/DataDetectorsCore
0x00007ff90dc8b000 	/System/Library/PrivateFrameworks/TextInput.framework/Versions/A/TextInput
0x00007ff80a1b1000 	/usr/lib/libMobileGestalt.dylib
0x00007ff80e488000 	/System/Library/Frameworks/Carbon.framework/Versions/A/Frameworks/HIToolbox.framework/Versions/A/HIToolbox
0x00007ff80c8fa000 	/System/Library/Frameworks/QuartzCore.framework/Versions/A/QuartzCore
0x00007ff8072d7000 	/System/Library/Frameworks/Security.framework/Versions/A/Security
0x00007ff81642c000 	/System/Library/Frameworks/Carbon.framework/Versions/A/Frameworks/SpeechRecognition.framework/Versions/A/SpeechRecognition
0x00007ff80cc2d000 	/System/Library/PrivateFrameworks/CoreUI.framework/Versions/A/CoreUI
0x00007ff806baf000 	/System/Library/Frameworks/CoreAudio.framework/Versions/A/CoreAudio
0x00007ff80bd9d000 	/System/Library/Frameworks/DiskArbitration.framework/Versions/A/DiskArbitration
0x00007ff811b57000 	/System/Library/PrivateFrameworks/MultitouchSupport.framework/Versions/A/MultitouchSupport
0x00007ff80a1b0000 	/usr/lib/libenergytrace.dylib
0x00007ff807c32000 	/System/Library/Frameworks/IOKit.framework/Versions/A/IOKit
0x00007ff816818000 	/System/Library/Frameworks/CoreServices.framework/Versions/A/CoreServices
0x00007ff80ce67000 	/System/Library/PrivateFrameworks/PerformanceAnalysis.framework/Versions/A/PerformanceAnalysis
0x00007ffa1d772000 	/System/Library/Frameworks/OpenGL.framework/Versions/A/OpenGL
0x00007ff80fa08000 	/System/Library/PrivateFrameworks/MobileKeyBag.framework/Versions/A/MobileKeyBag
0x00007ff8051f5000 	/usr/lib/libobjc.A.dylib
0x00007ff80acf2000 	/System/Library/Frameworks/ColorSync.framework/Versions/A/ColorSync
0x00007ff8053b1000 	/System/Library/Frameworks/CoreFoundation.framework/Versions/A/CoreFoundation
0x00007ff80ea13000 	/System/Library/Frameworks/CoreImage.framework/Versions/A/CoreImage
0x00007ff8069c5000 	/System/Library/Frameworks/CoreText.framework/Versions/A/CoreText
0x00007ff80e7c7000 	/System/Library/Frameworks/ImageIO.framework/Versions/A/ImageIO
0x00007ff8104c7000 	/System/Library/PrivateFrameworks/SoftLinking.framework/Versions/A/SoftLinking
0x00007ff80cf18000 	/usr/lib/libxml2.2.dylib
0x00007ff8052be000 	/usr/lib/libc++.1.dylib
0x00007ff810748000 	/usr/lib/libcompression.dylib
0x00007ff8122c3000 	/System/Library/PrivateFrameworks/TextureIO.framework/Versions/A/TextureIO
0x00007ff810e68000 	/usr/lib/libate.dylib
0x00007ff8104bc000 	/usr/lib/system/libcache.dylib
0x00007ff810478000 	/usr/lib/system/libcommonCrypto.dylib
0x00007ff8104a1000 	/usr/lib/system/libcompiler_rt.dylib
0x00007ff810497000 	/usr/lib/system/libcopyfile.dylib
0x00007ff8050ef000 	/usr/lib/system/libcorecrypto.dylib
0x00007ff8051ae000 	/usr/lib/system/libdispatch.dylib
0x00007ff805370000 	/usr/lib/system/libdyld.dylib
0x00007ff8104b3000 	/usr/lib/system/libkeymgr.dylib
0x00007ff810456000 	/usr/lib/system/libmacho.dylib
0x00007ff80fadc000 	/usr/lib/system/libquarantine.dylib
0x00007ff8104b1000 	/usr/lib/system/libremovefile.dylib
0x00007ff80a1fd000 	/usr/lib/system/libsystem_asl.dylib
0x00007ff80509d000 	/usr/lib/system/libsystem_blocks.dylib
0x00007ff805235000 	/usr/lib/system/libsystem_c.dylib
0x00007ff8104a9000 	/usr/lib/system/libsystem_collections.dylib
0x00007ff80edfd000 	/usr/lib/system/libsystem_configuration.dylib
0x00007ff80e0b8000 	/usr/lib/system/libsystem_containermanager.dylib
0x00007ff81018d000 	/usr/lib/system/libsystem_coreservices.dylib
0x00007ff8078c0000 	/usr/lib/system/libsystem_darwin.dylib
0x00007ff8104b4000 	/usr/lib/system/libsystem_dnssd.dylib
0x00007ff805232000 	/usr/lib/system/libsystem_featureflags.dylib
0x00007ff805386000 	/usr/lib/system/libsystem_info.dylib
0x00007ff8103ee000 	/usr/lib/system/libsystem_m.dylib
0x00007ff805182000 	/usr/lib/system/libsystem_malloc.dylib
0x00007ff80a19a000 	/usr/lib/system/libsystem_networkextension.dylib
0x00007ff807ce8000 	/usr/lib/system/libsystem_notify.dylib
0x00007ff8166ed000 	/usr/lib/system/libsystem_product_info_filter.dylib
0x00007ff80ee01000 	/usr/lib/system/libsystem_sandbox.dylib
0x00007ff8104ae000 	/usr/lib/system/libsystem_secinit.dylib
0x00007ff80532d000 	/usr/lib/system/libsystem_kernel.dylib
0x00007ff80537c000 	/usr/lib/system/libsystem_platform.dylib
0x00007ff805364000 	/usr/lib/system/libsystem_pthread.dylib
0x00007ff80bac8000 	/usr/lib/system/libsystem_symptoms.dylib
0x00007ff8050d6000 	/usr/lib/system/libsystem_trace.dylib
0x00007ff810484000 	/usr/lib/system/libunwind.dylib
0x00007ff80509f000 	/usr/lib/system/libxpc.dylib
0x00007ff805317000 	/usr/lib/libc++abi.dylib
0x00007ff81048f000 	/usr/lib/liboah.dylib
0x00007ff810c21000 	/usr/lib/liblzma.5.dylib
0x00007ff805e6e000 	/System/Library/Frameworks/SystemConfiguration.framework/Versions/A/SystemConfiguration
0x00007ff8104c3000 	/usr/lib/libfakelink.dylib
0x00007ff809d03000 	/System/Library/Frameworks/CFNetwork.framework/Versions/A/CFNetwork
0x00007ff810602000 	/usr/lib/libarchive.2.dylib
0x00007ff80ee08000 	/System/Library/PrivateFrameworks/AppleSystemInfo.framework/Versions/A/AppleSystemInfo
0x00007ff80fb03000 	/usr/lib/libbsm.0.dylib
0x00007ff809339000 	/usr/lib/libnetwork.dylib
0x00007ff81045c000 	/usr/lib/system/libkxld.dylib
0x00007ff80f731000 	/System/Library/PrivateFrameworks/IOMobileFramebuffer.framework/Versions/A/IOMobileFramebuffer
0x00007ffb1b3de000 	/usr/lib/libCoreEntitlements.dylib
0x00007ff81016f000 	/System/Library/PrivateFrameworks/AppleFSCompression.framework/Versions/A/AppleFSCompression
0x00007ff80faeb000 	/usr/lib/libcoretls.dylib
0x00007ff810c3b000 	/usr/lib/libcoretls_cfhelpers.dylib
0x00007ff810743000 	/usr/lib/libpam.2.dylib
0x00007ff80b6ee000 	/usr/lib/libsqlite3.dylib
0x00007ff810caa000 	/usr/lib/libxar.1.dylib
0x00007ff81017f000 	/usr/lib/libbz2.1.0.dylib
0x00007ff8104c8000 	/usr/lib/libpcap.A.dylib
0x00007ff80babf000 	/usr/lib/libdns_services.dylib
0x00007ff810715000 	/usr/lib/libapple_nghttp2.dylib
0x00007ff8104ff000 	/usr/lib/libiconv.2.dylib
0x00007ff810455000 	/usr/lib/libcharset.1.dylib
0x00007ff80ce9b000 	/System/Library/Frameworks/CoreServices.framework/Versions/A/Frameworks/FSEvents.framework/Versions/A/FSEvents
0x00007ff8078ca000 	/System/Library/Frameworks/CoreServices.framework/Versions/A/Frameworks/CarbonCore.framework/Versions/A/CarbonCore
0x00007ff80bd02000 	/System/Library/Frameworks/CoreServices.framework/Versions/A/Frameworks/Metadata.framework/Versions/A/Metadata
0x00007ff810192000 	/System/Library/Frameworks/CoreServices.framework/Versions/A/Frameworks/OSServices.framework/Versions/A/OSServices
0x00007ff810689000 	/System/Library/Frameworks/CoreServices.framework/Versions/A/Frameworks/SearchKit.framework/Versions/A/SearchKit
0x00007ff80ba51000 	/System/Library/Frameworks/CoreServices.framework/Versions/A/Frameworks/AE.framework/Versions/A/AE
0x00007ff8058b2000 	/System/Library/Frameworks/CoreServices.framework/Versions/A/Frameworks/LaunchServices.framework/Versions/A/LaunchServices
0x00007ff810bd2000 	/System/Library/Frameworks/CoreServices.framework/Versions/A/Frameworks/DictionaryServices.framework/Versions/A/DictionaryServices
0x00007ff80cea8000 	/System/Library/Frameworks/CoreServices.framework/Versions/A/Frameworks/SharedFileList.framework/Versions/A/SharedFileList
0x00007ff80fadf000 	/usr/lib/libCheckFix.dylib
0x00007ff80a214000 	/System/Library/PrivateFrameworks/TCC.framework/Versions/A/TCC
0x00007ff80ee0e000 	/System/Library/PrivateFrameworks/CoreNLP.framework/Versions/A/CoreNLP
0x00007ff80bcb2000 	/System/Library/PrivateFrameworks/MetadataUtilities.framework/Versions/A/MetadataUtilities
0x00007ff805f1e000 	/usr/lib/libmecabra.dylib
0x00007ff80fb13000 	/usr/lib/libmecab.dylib
0x00007ff805ee9000 	/usr/lib/libCRFSuite.dylib
0x00007ff80fb70000 	/usr/lib/libgermantok.dylib
0x00007ff8106f0000 	/usr/lib/libThaiTokenizer.dylib
0x00007ff80bda4000 	/System/Library/Frameworks/Accelerate.framework/Versions/A/Frameworks/vImage.framework/Versions/A/vImage
0x00007ff8167ef000 	/System/Library/Frameworks/Accelerate.framework/Versions/A/Frameworks/vecLib.framework/Versions/A/vecLib
0x00007ff810ceb000 	/System/Library/Frameworks/Accelerate.framework/Versions/A/Frameworks/vecLib.framework/Versions/A/libvMisc.dylib
0x00007ff80f525000 	/System/Library/Frameworks/Accelerate.framework/Versions/A/Frameworks/vecLib.framework/Versions/A/libvDSP.dylib
0x00007ff805c2a000 	/System/Library/Frameworks/Accelerate.framework/Versions/A/Frameworks/vecLib.framework/Versions/A/libBLAS.dylib
0x00007ff810825000 	/System/Library/Frameworks/Accelerate.framework/Versions/A/Frameworks/vecLib.framework/Versions/A/libLAPACK.dylib
0x00007ff80fb73000 	/System/Library/Frameworks/Accelerate.framework/Versions/A/Frameworks/vecLib.framework/Versions/A/libLinearAlgebra.dylib
0x00007ff81072e000 	/System/Library/Frameworks/Accelerate.framework/Versions/A/Frameworks/vecLib.framework/Versions/A/libSparseBLAS.dylib
0x00007ff81081f000 	/System/Library/Frameworks/Accelerate.framework/Versions/A/Frameworks/vecLib.framework/Versions/A/libQuadrature.dylib
0x00007ff80eef8000 	/System/Library/Frameworks/Accelerate.framework/Versions/A/Frameworks/vecLib.framework/Versions/A/libBNNS.dylib
0x00007ff805dff000 	/System/Library/Frameworks/Accelerate.framework/Versions/A/Frameworks/vecLib.framework/Versions/A/libSparse.dylib
0x00007ff80eef1000 	/System/Library/PrivateFrameworks/LinguisticData.framework/Versions/A/LinguisticData
0x00007ff805db4000 	/System/Library/PrivateFrameworks/Lexicon.framework/Versions/A/Lexicon
0x00007ff810ce4000 	/usr/lib/libChineseTokenizer.dylib
0x00007ff806518000 	/System/Library/PrivateFrameworks/LanguageModeling.framework/Versions/A/LanguageModeling
0x00007ff8106f2000 	/System/Library/PrivateFrameworks/AppleSauce.framework/Versions/A/AppleSauce
0x00007ff80f71f000 	/System/Library/PrivateFrameworks/CoreEmoji.framework/Versions/A/CoreEmoji
0x00007ff8105f1000 	/usr/lib/libcmph.dylib
0x00007ff80ce7f000 	/System/Library/Frameworks/OpenDirectory.framework/Versions/A/Frameworks/CFOpenDirectory.framework/Versions/A/CFOpenDirectory
0x00007ff80ce73000 	/System/Library/Frameworks/OpenDirectory.framework/Versions/A/OpenDirectory
0x00007ff810c3d000 	/System/Library/PrivateFrameworks/APFS.framework/Versions/A/APFS
0x00007ff80fa40000 	/System/Library/Frameworks/SecurityFoundation.framework/Versions/A/SecurityFoundation
0x00007ff810cb8000 	/usr/lib/libutil.dylib
0x00007ff807bf5000 	/System/Library/PrivateFrameworks/CoreServicesStore.framework/Versions/A/CoreServicesStore
0x00007ff810cbc000 	/usr/lib/libxslt.1.dylib
0x00007ff80facd000 	/System/Library/PrivateFrameworks/BackgroundTaskManagement.framework/Versions/A/BackgroundTaskManagement
0x00007ff8121e5000 	/System/Library/Frameworks/ImageIO.framework/Versions/A/Resources/libRadiance.dylib
0x00007ff8121ee000 	/System/Library/Frameworks/ImageIO.framework/Versions/A/Resources/libJPEG.dylib
0x00007ff81213f000 	/System/Library/Frameworks/ImageIO.framework/Versions/A/Resources/libPng.dylib
0x00007ff812160000 	/System/Library/Frameworks/ImageIO.framework/Versions/A/Resources/libTIFF.dylib
0x00007ff81224c000 	/System/Library/Frameworks/ImageIO.framework/Versions/A/Resources/libGIF.dylib
0x00007ff811a74000 	/System/Library/Frameworks/ImageIO.framework/Versions/A/Resources/libJP2.dylib
0x00007ff8111b6000 	/usr/lib/libexpat.1.dylib
0x00007ff811a29000 	/System/Library/PrivateFrameworks/AppleJPEG.framework/Versions/A/AppleJPEG
0x00007ff80e34b000 	/System/Library/PrivateFrameworks/FontServices.framework/libFontParser.dylib
0x00007ff80b9fb000 	/System/Library/PrivateFrameworks/RunningBoardServices.framework/Versions/A/RunningBoardServices
0x00007ff81c9c4000 	/System/Library/PrivateFrameworks/IOSurfaceAccelerator.framework/Versions/A/IOSurfaceAccelerator
0x00007ff811b53000 	/System/Library/PrivateFrameworks/WatchdogClient.framework/Versions/A/WatchdogClient
0x00007ff806607000 	/System/Library/Frameworks/CoreDisplay.framework/Versions/A/CoreDisplay
0x00007ff80e24a000 	/System/Library/Frameworks/CoreMedia.framework/Versions/A/CoreMedia
0x00007ff80e0e7000 	/System/Library/PrivateFrameworks/IOAccelerator.framework/Versions/A/IOAccelerator
0x00007ff80cffb000 	/System/Library/Frameworks/CoreVideo.framework/Versions/A/CoreVideo
0x00007ff810741000 	/System/Library/Frameworks/MetalPerformanceShaders.framework/Versions/A/MetalPerformanceShaders
0x00007ff811b8e000 	/System/Library/Frameworks/VideoToolbox.framework/Versions/A/VideoToolbox
0x00007ff80b943000 	/System/Library/PrivateFrameworks/BaseBoard.framework/Versions/A/BaseBoard
0x00007ff80b6d4000 	/System/Library/PrivateFrameworks/ProtocolBuffer.framework/Versions/A/ProtocolBuffer
0x00007ff8121de000 	/System/Library/PrivateFrameworks/GPUWrangler.framework/Versions/A/GPUWrangler
0x00007ff8121c1000 	/System/Library/PrivateFrameworks/IOPresentment.framework/Versions/A/IOPresentment
0x00007ff8121e8000 	/System/Library/PrivateFrameworks/DSExternalDisplay.framework/Versions/A/DSExternalDisplay
0x00007ffa1d766000 	/System/Library/Frameworks/OpenGL.framework/Versions/A/Libraries/libCoreFSCache.dylib
0x00007ffb0964e000 	/System/Library/PrivateFrameworks/GPUCompiler.framework/Versions/31001/Libraries/libGPUCompilerUtils.dylib
0x00007ff812251000 	/System/Library/PrivateFrameworks/CMCaptureCore.framework/Versions/A/CMCaptureCore
0x00007ff811762000 	/System/Library/PrivateFrameworks/AppServerSupport.framework/Versions/A/AppServerSupport
0x00007ff813938000 	/System/Library/PrivateFrameworks/perfdata.framework/Versions/A/perfdata
0x00007ff806733000 	/System/Library/PrivateFrameworks/AudioToolboxCore.framework/Versions/A/AudioToolboxCore
0x00007ff80e227000 	/System/Library/PrivateFrameworks/caulk.framework/Versions/A/caulk
0x00007ff81325c000 	/usr/lib/libAudioStatistics.dylib
0x00007ff90a519000 	/System/Library/PrivateFrameworks/SystemPolicy.framework/Versions/A/SystemPolicy
0x00007ff8134b1000 	/usr/lib/libSMC.dylib
0x00007ff81c2fb000 	/System/Library/Frameworks/CoreMIDI.framework/Versions/A/CoreMIDI
0x00007ff81210f000 	/usr/lib/libAudioToolboxUtility.dylib
0x00007ff90692b000 	/System/Library/PrivateFrameworks/OSAServicesClient.framework/Versions/A/OSAServicesClient
0x00007ff813945000 	/usr/lib/libperfcheck.dylib
0x00007ff90afab000 	/usr/lib/libmis.dylib
0x00007ffa1d7c2000 	/System/Library/Frameworks/OpenGL.framework/Versions/A/Libraries/libGLU.dylib
0x00007ffa1d785000 	/System/Library/Frameworks/OpenGL.framework/Versions/A/Libraries/libGFXShared.dylib
0x00007ffa1d993000 	/System/Library/Frameworks/OpenGL.framework/Versions/A/Libraries/libGL.dylib
0x00007ffa1d78e000 	/System/Library/Frameworks/OpenGL.framework/Versions/A/Libraries/libGLImage.dylib
0x00007ffa1d782000 	/System/Library/Frameworks/OpenGL.framework/Versions/A/Libraries/libCVMSPluginSupport.dylib
0x00007ffa1d76d000 	/System/Library/Frameworks/OpenGL.framework/Versions/A/Libraries/libCoreVMClient.dylib
0x00007ff80ed8c000 	/System/Library/Frameworks/MetalPerformanceShaders.framework/Versions/A/Frameworks/MPSCore.framework/Versions/A/MPSCore
0x00007ff8100da000 	/System/Library/Frameworks/MetalPerformanceShaders.framework/Versions/A/Frameworks/MPSImage.framework/Versions/A/MPSImage
0x00007ff80fb89000 	/System/Library/Frameworks/MetalPerformanceShaders.framework/Versions/A/Frameworks/MPSNeuralNetwork.framework/Versions/A/MPSNeuralNetwork
0x00007ff80fffe000 	/System/Library/Frameworks/MetalPerformanceShaders.framework/Versions/A/Frameworks/MPSMatrix.framework/Versions/A/MPSMatrix
0x00007ff80fdba000 	/System/Library/Frameworks/MetalPerformanceShaders.framework/Versions/A/Frameworks/MPSRayIntersector.framework/Versions/A/MPSRayIntersector
0x00007ff810037000 	/System/Library/Frameworks/MetalPerformanceShaders.framework/Versions/A/Frameworks/MPSNDArray.framework/Versions/A/MPSNDArray
0x00007ffa22387000 	/System/Library/Frameworks/MetalPerformanceShaders.framework/Versions/A/Frameworks/MPSFunctions.framework/Versions/A/MPSFunctions
0x00007ff805b0d000 	/System/Library/PrivateFrameworks/MetalTools.framework/Versions/A/MetalTools
0x00007ff80ee06000 	/System/Library/PrivateFrameworks/AggregateDictionary.framework/Versions/A/AggregateDictionary
0x00007ff810f98000 	/usr/lib/libIOReport.dylib
0x00007ffa1eda2000 	/System/Library/Frameworks/OpenCL.framework/Versions/A/OpenCL
0x00007ff8112fc000 	/System/Library/PrivateFrameworks/FaceCore.framework/Versions/A/FaceCore
0x00007ff8112ed000 	/System/Library/PrivateFrameworks/GraphVisualizer.framework/Versions/A/GraphVisualizer
0x00007ffb09559000 	/System/Library/PrivateFrameworks/FontServices.framework/Versions/A/FontServices
0x00007ff811719000 	/System/Library/PrivateFrameworks/OTSVG.framework/Versions/A/OTSVG
0x00007ff80cbe3000 	/System/Library/Frameworks/ApplicationServices.framework/Versions/A/Frameworks/ATS.framework/Versions/A/Resources/libFontRegistry.dylib
0x00007ff81176a000 	/System/Library/PrivateFrameworks/FontServices.framework/libhvf.dylib
0x00007ffb0955a000 	/System/Library/PrivateFrameworks/FontServices.framework/libXTFontStaticRegistryData.dylib
0x00007ff811166000 	/System/Library/PrivateFrameworks/AppleVA.framework/Versions/A/AppleVA
0x00007ff813280000 	/System/Library/Frameworks/ApplicationServices.framework/Versions/A/Frameworks/ATS.framework/Versions/A/ATS
0x00007ff80adee000 	/System/Library/Frameworks/ApplicationServices.framework/Versions/A/Frameworks/HIServices.framework/Versions/A/HIServices
0x00007ff81225b000 	/System/Library/Frameworks/ApplicationServices.framework/Versions/A/Frameworks/PrintCore.framework/Versions/A/PrintCore
0x00007ff813604000 	/System/Library/Frameworks/ApplicationServices.framework/Versions/A/Frameworks/QD.framework/Versions/A/QD
0x00007ff8135fc000 	/System/Library/Frameworks/ApplicationServices.framework/Versions/A/Frameworks/ColorSyncLegacy.framework/Versions/A/ColorSyncLegacy
0x00007ff813270000 	/System/Library/Frameworks/ApplicationServices.framework/Versions/A/Frameworks/SpeechSynthesis.framework/Versions/A/SpeechSynthesis
0x00007ff81221c000 	/System/Library/Frameworks/ApplicationServices.framework/Versions/A/Frameworks/ATSUI.framework/Versions/A/ATSUI
0x00007ff813591000 	/usr/lib/libcups.2.dylib
0x00007ff813954000 	/System/Library/Frameworks/Kerberos.framework/Versions/A/Kerberos
0x00007ff813963000 	/System/Library/Frameworks/GSS.framework/Versions/A/GSS
0x00007ff8132ec000 	/usr/lib/libresolv.9.dylib
0x00007ff811779000 	/System/Library/PrivateFrameworks/Heimdal.framework/Versions/A/Heimdal
0x00007ff81a451000 	/System/Library/Frameworks/Kerberos.framework/Versions/A/Libraries/libHeimdalProxy.dylib
0x00007ff80bad0000 	/System/Library/Frameworks/Network.framework/Versions/A/Network
0x00007ff8111d0000 	/usr/lib/libheimdal-asn1.dylib
0x00007ff8139af000 	/System/Library/PrivateFrameworks/CommonAuth.framework/Versions/A/CommonAuth
0x00007ff8131ed000 	/System/Library/PrivateFrameworks/AudioSession.framework/Versions/A/AudioSession
0x00007ff811260000 	/System/Library/PrivateFrameworks/MediaExperience.framework/Versions/A/MediaExperience
0x00007ff813081000 	/System/Library/PrivateFrameworks/AudioSession.framework/libSessionUtility.dylib
0x00007ff813610000 	/System/Library/PrivateFrameworks/AudioResourceArbitration.framework/Versions/A/AudioResourceArbitration
0x00007ff817602000 	/System/Library/PrivateFrameworks/PowerLog.framework/Versions/A/PowerLog
0x00007ff8111d9000 	/System/Library/PrivateFrameworks/IconFoundation.framework/Versions/A/IconFoundation
0x00007ff81641c000 	/System/Library/PrivateFrameworks/SpeechRecognitionCore.framework/Versions/A/SpeechRecognitionCore
0x000000010bb45000 	/Users/sdangond/Library/Java/JavaVirtualMachines/corretto-11.0.16/Contents/Home/lib/server/libjvm.dylib
0x000000010ae33000 	/Users/sdangond/Library/Java/JavaVirtualMachines/corretto-11.0.16/Contents/Home/lib/libverify.dylib
0x000000010ae5b000 	/Users/sdangond/Library/Java/JavaVirtualMachines/corretto-11.0.16/Contents/Home/lib/libjava.dylib
0x000000010adc9000 	/Users/sdangond/Library/Java/JavaVirtualMachines/corretto-11.0.16/Contents/Home/lib/libjimage.dylib
0x000000010aed9000 	/Users/sdangond/Library/Java/JavaVirtualMachines/corretto-11.0.16/Contents/Home/lib/libinstrument.dylib
0x000000010afa7000 	/private/var/folders/lk/s3yg39g94j75lll_n4l_dn18fb4gsw/T/libasyncProfiler.so
0x000000010af54000 	/Users/sdangond/Library/Java/JavaVirtualMachines/corretto-11.0.16/Contents/Home/lib/libzip.dylib
0x0000000133445000 	/Users/sdangond/Library/Java/JavaVirtualMachines/corretto-11.0.16/Contents/Home/lib/libnio.dylib
0x0000000133495000 	/Users/sdangond/Library/Java/JavaVirtualMachines/corretto-11.0.16/Contents/Home/lib/libnet.dylib
0x00000001334e6000 	/Users/sdangond/Library/Java/JavaVirtualMachines/corretto-11.0.16/Contents/Home/lib/libextnet.dylib
0x0000000133ad2000 	/Users/sdangond/Library/Java/JavaVirtualMachines/corretto-11.0.16/Contents/Home/lib/libmanagement.dylib
0x0000000133cfb000 	/Users/sdangond/Library/Java/JavaVirtualMachines/corretto-11.0.16/Contents/Home/lib/libmanagement_ext.dylib


VM Arguments:
jvm_args: -XX:TieredStopAtLevel=1 -Xverify:none -Dspring.output.ansi.enabled=always -Dcom.sun.management.jmxremote -Dspring.jmx.enabled=true -Dspring.liveBeansView.mbeanDomain -Dspring.application.admin.enabled=true -javaagent:/Applications/IntelliJ IDEA.app/Contents/lib/idea_rt.jar=52598:/Applications/IntelliJ IDEA.app/Contents/bin -agentpath:/private/var/folders/lk/s3yg39g94j75lll_n4l_dn18fb4gsw/T/libasyncProfiler.so=start,jfr,event=cpu,interval=1ms,jfrsync=profile,file=/Users/sdangond/CalculadoraCaloriasApplication_2022_08_06_193934.jfr -Dfile.encoding=UTF-8 
java_command: com.example.calculadoracalorias.CalculadoraCaloriasApplication
java_class_path (initial): /Users/sdangond/Documents/2.practicasDH/practicas-w16/3. spring/11.Ejercicios_Practicos-P2-VIVO-calculadora-calorias/target/classes:/Users/sdangond/.m2/repository/org/springframework/boot/spring-boot-starter-web/2.7.2/spring-boot-starter-web-2.7.2.jar:/Users/sdangond/.m2/repository/org/springframework/boot/spring-boot-starter/2.7.2/spring-boot-starter-2.7.2.jar:/Users/sdangond/.m2/repository/org/springframework/boot/spring-boot-starter-logging/2.7.2/spring-boot-starter-logging-2.7.2.jar:/Users/sdangond/.m2/repository/ch/qos/logback/logback-classic/1.2.11/logback-classic-1.2.11.jar:/Users/sdangond/.m2/repository/ch/qos/logback/logback-core/1.2.11/logback-core-1.2.11.jar:/Users/sdangond/.m2/repository/org/apache/logging/log4j/log4j-to-slf4j/2.17.2/log4j-to-slf4j-2.17.2.jar:/Users/sdangond/.m2/repository/org/apache/logging/log4j/log4j-api/2.17.2/log4j-api-2.17.2.jar:/Users/sdangond/.m2/repository/org/slf4j/jul-to-slf4j/1.7.36/jul-to-slf4j-1.7.36.jar:/Users/sdangond/.m2/repository/jakarta/annotation/jakarta.annotation-api/1.3.5/jakarta.annotation-api-1.3.5.jar:/Users/sdangond/.m2/repository/org/yaml/snakeyaml/1.30/snakeyaml-1.30.jar:/Users/sdangond/.m2/repository/org/springframework/boot/spring-boot-starter-json/2.7.2/spring-boot-starter-json-2.7.2.jar:/Users/sdangond/.m2/repository/com/fasterxml/jackson/core/jackson-databind/2.13.3/jackson-databind-2.13.3.jar:/Users/sdangond/.m2/repository/com/fasterxml/jackson/core/jackson-annotations/2.13.3/jackson-annotations-2.13.3.jar:/Users/sdangond/.m2/repository/com/fasterxml/jackson/core/jackson-core/2.13.3/jackson-core-2.13.3.jar:/Users/sdangond/.m2/repository/com/fasterxml/jackson/datatype/jackson-datatype-jdk8/2.13.3/jackson-datatype-jdk8-2.13.3.jar:/Users/sdangond/.m2/repository/com/fasterxml/jackson/datatype/jackson-datatype-jsr310/2.13.3/jackson-datatype-jsr310-2.13.3.jar:/Users/sdangond/.m2/repository/com/fasterxml/jackson/module/jackson-module-parameter-names/2.13.3/jackson-module-parameter
Launcher Type: SUN_STANDARD

[Global flags]
     bool BytecodeVerificationLocal                = false                                     {product} {command line}
     bool BytecodeVerificationRemote               = false                                     {product} {command line}
     intx CICompilerCount                          = 4                                         {product} {ergonomic}
     uint ConcGCThreads                            = 2                                         {product} {ergonomic}
     bool FlightRecorder                           = true                                      {product} {management}
     uint G1ConcRefinementThreads                  = 9                                         {product} {ergonomic}
   size_t G1HeapRegionSize                         = 1048576                                   {product} {ergonomic}
    uintx GCDrainStackTargetSize                   = 64                                        {product} {ergonomic}
   size_t InitialHeapSize                          = 268435456                                 {product} {ergonomic}
     bool ManagementServer                         = true                                      {product} {command line}
   size_t MarkStackSize                            = 4194304                                   {product} {ergonomic}
   size_t MaxHeapSize                              = 4294967296                                {product} {ergonomic}
   size_t MaxNewSize                               = 2576351232                                {product} {ergonomic}
   size_t MinHeapDeltaBytes                        = 1048576                                   {product} {ergonomic}
    uintx NonNMethodCodeHeapSize                   = 7549744                                {pd product} {ergonomic}
    uintx NonProfiledCodeHeapSize                  = 244108496                              {pd product} {ergonomic}
    uintx ProfiledCodeHeapSize                     = 0                                      {pd product} {ergonomic}
    uintx ReservedCodeCacheSize                    = 251658240                              {pd product} {ergonomic}
     bool SegmentedCodeCache                       = true                                      {product} {ergonomic}
     intx TieredStopAtLevel                        = 1                                         {product} {command line}
     bool UseCompressedClassPointers               = true                                 {lp64_product} {ergonomic}
     bool UseCompressedOops                        = true                                 {lp64_product} {ergonomic}
     bool UseG1GC                                  = true                                      {product} {ergonomic}

Logging:
Log output configuration:
 #0: stdout all=warning uptime,level,tags
 #1: stderr all=off uptime,level,tags

Environment Variables:
PATH=/Users/sdangond/.rvm/gems/ruby-3.0.0/bin:/Users/sdangond/.rvm/gems/ruby-3.0.0@global/bin:/Users/sdangond/.rvm/rubies/ruby-3.0.0/bin:/usr/local/bin:/usr/bin:/bin:/usr/sbin:/sbin:/Users/sdangond/.fig/bin:/Users/sdangond/.local/bin:/Users/sdangond/.rvm/bin
SHELL=/bin/zsh
LC_CTYPE=es_419.UTF-8

Signal Handlers:
SIGSEGV: [libjvm.dylib+0x7d06ae], sa_mask[0]=11111111111111111111111111111111, sa_flags=SA_ONSTACK|SA_RESTART|SA_SIGINFO
SIGBUS: [libjvm.dylib+0x7d06ae], sa_mask[0]=11111111111111111111111111111111, sa_flags=SA_RESTART|SA_SIGINFO
SIGFPE: [libjvm.dylib+0x7d06ae], sa_mask[0]=11111111111111111111111111111111, sa_flags=SA_RESTART|SA_SIGINFO
SIGPIPE: [libjvm.dylib+0x633bdc], sa_mask[0]=11111111111111111111111111111111, sa_flags=SA_RESTART|SA_SIGINFO
SIGXFSZ: [libjvm.dylib+0x633bdc], sa_mask[0]=11111111111111111111111111111111, sa_flags=SA_RESTART|SA_SIGINFO
SIGILL: [libjvm.dylib+0x7d06ae], sa_mask[0]=11111111111111111111111111111111, sa_flags=SA_RESTART|SA_SIGINFO
SIGUSR2: [libjvm.dylib+0x6341ba], sa_mask[0]=00100000000000000000000000000000, sa_flags=SA_RESTART|SA_SIGINFO
SIGHUP: [libjvm.dylib+0x632ce9], sa_mask[0]=11111111111111111111111111111111, sa_flags=SA_RESTART|SA_SIGINFO
SIGINT: [libjvm.dylib+0x632ce9], sa_mask[0]=11111111111111111111111111111111, sa_flags=SA_RESTART|SA_SIGINFO
SIGTERM: [libjvm.dylib+0x632ce9], sa_mask[0]=11111111111111111111111111111111, sa_flags=SA_RESTART|SA_SIGINFO
SIGQUIT: [libjvm.dylib+0x632ce9], sa_mask[0]=11111111111111111111111111111111, sa_flags=SA_RESTART|SA_SIGINFO


---------------  S Y S T E M  ---------------

OS:uname:Darwin 21.3.0 Darwin Kernel Version 21.3.0: Wed Jan  5 21:37:58 PST 2022; root:xnu-8019.80.24~20/RELEASE_ARM64_T6000 x86_64
OS uptime: 0 days 8:07 hours
rlimit (soft/hard): STACK 8176k/65520k , CORE 0k/infinity , NPROC 2666/4000 , NOFILE 10240/infinity , AS infinity/infinity , CPU infinity/infinity , DATA infinity/infinity , FSIZE infinity/infinity , MEMLOCK infinity/infinity , RSS infinity/infinity
load average:2.65 2.06 2.03

CPU:total 10 (initial active 10) (1 cores per cpu, 1 threads per core) family 6 model 44 stepping 0 microcode 0x0, cmov, cx8, fxsr, mmx, sse, sse2, sse3, ssse3, sse4.1, sse4.2, popcnt, aes, clmul, tsc, tscinvbit, tscinv

Memory: 4k page, physical 16777216k(30444k free), swap 0k(0k free)

vm_info: OpenJDK 64-Bit Server VM (11.0.16+8-LTS) for bsd-amd64 JRE (11.0.16+8-LTS), built on Jul 17 2022 01:38:51 by "ec2user" with clang Apple LLVM 13.0.0 (clang-1300.0.29.30)

END.
